#
# A fatal error has been detected by the Java Runtime Environment:
#
#  EXCEPTION_ACCESS_VIOLATION (0xc0000005) at pc=0x00007fff33f9b796, pid=30536, tid=26132
#
# JRE version: Java(TM) SE Runtime Environment (17.0.11+7) (build 17.0.11+7-LTS-207)
# Java VM: Java HotSpot(TM) 64-Bit Server VM (17.0.11+7-LTS-207, mixed mode, sharing, tiered, compressed oops, compressed class ptrs, g1 gc, windows-amd64)
# Problematic frame:
# C  [glass.dll+0x1b796]
#
# No core dump will be written. Minidumps are not enabled by default on client versions of Windows
#
# If you would like to submit a bug report, please visit:
#   https://bugreport.java.com/bugreport/crash.jsp
# The crash happened outside the Java Virtual Machine in native code.
# See problematic frame for where to report the bug.
#

---------------  S U M M A R Y ------------

Command Line: -Dclassworlds.conf=C:\Program Files\apache-maven-3.9.9\bin\m2.conf -Dmaven.home=C:\Program Files\apache-maven-3.9.9 -Dlibrary.jansi.path=C:\Program Files\apache-maven-3.9.9\lib\jansi-native -Dmaven.multiModuleProjectDirectory=C:\Users\marti\Downloads\JavaFX_MavenTemplate_VS1 2\JavaFX_MavenTemplate_VS1 2 org.codehaus.plexus.classworlds.launcher.Launcher exec:java

Host: 12th Gen Intel(R) Core(TM) i7-1260P, 16 cores, 15G,  Windows 11 , 64 bit Build 22621 (10.0.22621.3958)
Time: Sat Nov  9 23:54:07 2024 Central Standard Time elapsed time: 56.277358 seconds (0d 0h 0m 56s)

---------------  T H R E A D  ---------------

Current thread (0x000001f641d6bd80):  JavaThread "JavaFX Application Thread" [_thread_in_native, id=26132, stack(0x000000be03800000,0x000000be03900000)]

Stack: [0x000000be03800000,0x000000be03900000],  sp=0x000000be038fe2d0,  free space=1016k
Native frames: (J=compiled Java code, j=interpreted, Vv=VM code, C=native code)
C  [glass.dll+0x1b796]

Java frames: (J=compiled Java code, j=interpreted, Vv=VM code)
j  com.sun.glass.ui.win.WinWindow._close(J)Z+0
j  com.sun.glass.ui.Window.close()V+63
j  com.sun.glass.ui.win.WinWindow.close()V+8
j  com.sun.glass.ui.Application.terminate()V+75
j  com.sun.javafx.tk.quantum.QuantumToolkit.lambda$exit$13()Ljava/lang/Object;+5
j  com.sun.javafx.tk.quantum.QuantumToolkit$$Lambda$748+0x000001f601439f18.get()Ljava/lang/Object;+0
j  com.sun.javafx.tk.quantum.QuantumToolkit.runWithRenderLock(Ljava/util/function/Supplier;)Ljava/lang/Object;+7
j  com.sun.javafx.tk.quantum.QuantumToolkit.exit()V+26
j  com.sun.javafx.application.PlatformImpl.lambda$tkExit$16()V+3
j  com.sun.javafx.application.PlatformImpl$$Lambda$747+0x000001f601439d00.run()V+0
j  com.sun.javafx.application.PlatformImpl.lambda$runAndWait$12(Ljava/lang/Runnable;Ljava/util/concurrent/CountDownLatch;)V+1
j  com.sun.javafx.application.PlatformImpl$$Lambda$272+0x000001f6012636a8.run()V+8
j  com.sun.javafx.application.PlatformImpl.lambda$runLater$10(Ljava/lang/Runnable;)Ljava/lang/Void;+1
j  com.sun.javafx.application.PlatformImpl$$Lambda$274+0x000001f601266c38.run()Ljava/lang/Object;+4
J 4121 c1 java.security.AccessController.doPrivileged(Ljava/security/PrivilegedAction;Ljava/security/AccessControlContext;)Ljava/lang/Object; java.base@17.0.11 (17 bytes) @ 0x000001f65ecb33dc [0x000001f65ecb3200+0x00000000000001dc]
j  com.sun.javafx.application.PlatformImpl.lambda$runLater$11(Ljava/lang/Runnable;Ljava/security/AccessControlContext;)V+7
j  com.sun.javafx.application.PlatformImpl$$Lambda$273+0x000001f601263ac8.run()V+8
J 6137 c1 com.sun.glass.ui.InvokeLaterDispatcher$Future.run()V (91 bytes) @ 0x000001f65f0ebf14 [0x000001f65f0ebe00+0x0000000000000114]
v  ~StubRoutines::call_stub
j  com.sun.glass.ui.win.WinApplication._runLoop(Ljava/lang/Runnable;)V+0
j  com.sun.glass.ui.win.WinApplication.lambda$runLoop$3(ILjava/lang/Runnable;)V+8
j  com.sun.glass.ui.win.WinApplication$$Lambda$262+0x000001f601252630.run()V+12
j  java.lang.Thread.run()V+11 java.base@17.0.11
v  ~StubRoutines::call_stub

siginfo: EXCEPTION_ACCESS_VIOLATION (0xc0000005), reading address 0x0000000000000120


Registers:
RAX=0x0000000000000000, RBX=0x0000000000000000, RCX=0x0000000000000000, RDX=0x0000000000000000
RSP=0x000000be038fe2d0, RBP=0x0000000000000000, RSI=0x0000000000000401, RDI=0x000000be038fe620
R8 =0x000000be038fe620, R9 =0x0000000000000000, R10=0x00007fff33fa8838, R11=0x0000000000000246
R12=0x0000000000000000, R13=0x0000000000000000, R14=0x0000000000000000, R15=0x0000000000000000
RIP=0x00007fff33f9b796, EFLAGS=0x0000000000010202


Register to memory mapping:

RIP=0x00007fff33f9b796 glass.dll
RAX=0x0 is NULL
RBX=0x0 is NULL
RCX=0x0 is NULL
RDX=0x0 is NULL
RSP=0x000000be038fe2d0 is pointing into the stack for thread: 0x000001f641d6bd80
RBP=0x0 is NULL
RSI=0x0000000000000401 is an unknown value
RDI=0x000000be038fe620 is pointing into the stack for thread: 0x000001f641d6bd80
R8 =0x000000be038fe620 is pointing into the stack for thread: 0x000001f641d6bd80
R9 =0x0 is NULL
R10=0x00007fff33fa8838 glass.dll
R11=0x0000000000000246 is an unknown value
R12=0x0 is NULL
R13=0x0 is NULL
R14=0x0 is NULL
R15=0x0 is NULL


Top of Stack: (sp=0x000000be038fe2d0)
0x000000be038fe2d0:   0000000000000578 000000be038fe2e0
0x000000be038fe2e0:   0000000000180016 00007fff33fa75d0
0x000000be038fe2f0:   000000be038fe620 00007fff33f9a521
0x000000be038fe300:   0000000000000000 000000be038fe620
0x000000be038fe310:   0000000000000401 000001f65509d750
0x000000be038fe320:   000001f67fcd0620 00007fff33f8a2d5
0x000000be038fe330:   000000be038fe620 0000000000000001
0x000000be038fe340:   000001f6658bc0d4 00007ffee67fcfc6
0x000000be038fe350:   0000000000000000 00007fff33f817bc
0x000000be038fe360:   000001f67fcd0620 000000be038fe620
0x000000be038fe370:   0000000000000401 00000000005b16a6
0x000000be038fe380:   0000000000000401 00007fff5f3783f1
0x000000be038fe390:   0000000000000000 000000be038fe558
0x000000be038fe3a0:   0000000080000022 0000000000000001
0x000000be038fe3b0:   00000000000003d8 000001f67c02b0e8
0x000000be038fe3c0:   000001f67a3c1af0 000000be038fe600 

Instructions: (pc=0x00007fff33f9b796)
0x00007fff33f9b696:   a8 00 00 00 41 5e 41 5d 41 5c 5e 5d 5b c3 cc cc
0x00007fff33f9b6a6:   cc cc cc cc cc cc cc cc cc cc b0 01 c3 cc cc cc
0x00007fff33f9b6b6:   cc cc cc cc cc cc cc cc cc cc 48 89 5c 24 08 57
0x00007fff33f9b6c6:   48 83 ec 30 48 8b fa 48 8b d9 48 39 91 20 01 00
0x00007fff33f9b6d6:   00 0f 84 a5 00 00 00 e8 ae 00 00 00 48 8b 93 20
0x00007fff33f9b6e6:   01 00 00 48 85 d2 75 04 48 8b 53 08 48 89 54 24
0x00007fff33f9b6f6:   20 4c 8b c7 48 85 ff 75 04 4c 8b 43 08 48 8d 0d
0x00007fff33f9b706:   16 e9 00 00 4c 89 44 24 28 e8 3c 7f fe ff 48 8b
0x00007fff33f9b716:   4c 24 20 4c 8d 44 24 20 48 8d 15 eb f8 ff ff ff
0x00007fff33f9b726:   15 b5 de 01 00 48 8b 05 2e e2 01 00 48 85 c0 75
0x00007fff33f9b736:   04 33 c9 eb 03 8b 48 40 4c 8d 44 24 20 48 8d 15
0x00007fff33f9b746:   06 f9 ff ff ff 15 98 de 01 00 48 89 bb 20 01 00
0x00007fff33f9b756:   00 e8 24 38 00 00 4c 8b 05 9d e5 01 00 48 8b c8
0x00007fff33f9b766:   48 8b 93 c0 00 00 00 4c 8b cf e8 7b 99 fe ff e8
0x00007fff33f9b776:   06 38 00 00 48 8b c8 e8 1e 37 00 00 48 8b 5c 24
0x00007fff33f9b786:   40 48 83 c4 30 5f c3 cc cc cc 40 57 48 83 ec 20
0x00007fff33f9b796:   48 8b 81 20 01 00 00 48 8b f9 48 85 c0 75 04 48
0x00007fff33f9b7a6:   8b 41 08 48 3b 05 d0 e4 01 00 75 3b 48 89 5c 24
0x00007fff33f9b7b6:   30 e8 c4 37 00 00 4c 8b 05 2d e5 01 00 48 8b c8
0x00007fff33f9b7c6:   48 8b 97 c0 00 00 00 48 8b d8 e8 1b 99 fe ff 48
0x00007fff33f9b7d6:   8b cb e8 c3 36 00 00 48 8b 5c 24 30 48 c7 05 93
0x00007fff33f9b7e6:   e4 01 00 00 00 00 00 48 83 c4 20 5f c3 cc cc cc
0x00007fff33f9b7f6:   cc cc cc cc cc cc cc cc cc cc 40 53 48 83 ec 50
0x00007fff33f9b806:   48 8b 05 b3 b9 01 00 48 33 c4 48 89 44 24 40 48
0x00007fff33f9b816:   8b d9 48 8b 49 08 ff 15 3e dd 01 00 85 c0 0f 85
0x00007fff33f9b826:   1b 01 00 00 48 8b 4b 08 48 8d 54 24 30 ff 15 8f
0x00007fff33f9b836:   db 01 00 48 8b 4b 08 48 8d 54 24 20 ff 15 e8 db
0x00007fff33f9b846:   01 00 48 8b 4b 08 4c 8d 44 24 20 41 b9 02 00 00
0x00007fff33f9b856:   00 33 d2 ff 15 d9 db 01 00 8b 44 24 24 2b 44 24
0x00007fff33f9b866:   34 8b 4c 24 20 2b 4c 24 30 8b 54 24 3c 2b 54 24
0x00007fff33f9b876:   2c 44 8b 44 24 38 44 2b 44 24 28 89 83 0c 01 00
0x00007fff33f9b886:   00 89 8b 08 01 00 00 89 93 14 01 00 00 44 89 83 


Stack slot to memory mapping:
stack at sp + 0 slots: 0x0000000000000578 is an unknown value
stack at sp + 1 slots: 0x000000be038fe2e0 is pointing into the stack for thread: 0x000001f641d6bd80
stack at sp + 2 slots: 0x0000000000180016 is an unknown value
stack at sp + 3 slots: 0x00007fff33fa75d0 glass.dll
stack at sp + 4 slots: 0x000000be038fe620 is pointing into the stack for thread: 0x000001f641d6bd80
stack at sp + 5 slots: 0x00007fff33f9a521 glass.dll
stack at sp + 6 slots: 0x0 is NULL
stack at sp + 7 slots: 0x000000be038fe620 is pointing into the stack for thread: 0x000001f641d6bd80


Compiled method (c1)   56330 4121       3       java.security.AccessController::doPrivileged (17 bytes)
 total in heap  [0x000001f65ecb3010,0x000001f65ecb3748] = 1848
 relocation     [0x000001f65ecb3168,0x000001f65ecb31f0] = 136
 main code      [0x000001f65ecb3200,0x000001f65ecb3540] = 832
 stub code      [0x000001f65ecb3540,0x000001f65ecb35b8] = 120
 metadata       [0x000001f65ecb35b8,0x000001f65ecb35d0] = 24
 scopes data    [0x000001f65ecb35d0,0x000001f65ecb3680] = 176
 scopes pcs     [0x000001f65ecb3680,0x000001f65ecb3730] = 176
 dependencies   [0x000001f65ecb3730,0x000001f65ecb3738] = 8
 nul chk table  [0x000001f65ecb3738,0x000001f65ecb3748] = 16

[Constant Pool (empty)]

[MachCode]
[Verified Entry Point]
  # {method} {0x000001f60043c5d8} 'doPrivileged' '(Ljava/security/PrivilegedAction;Ljava/security/AccessControlContext;)Ljava/lang/Object;' in 'java/security/AccessController'
  # parm0:    rdx:rdx   = 'java/security/PrivilegedAction'
  # parm1:    r8:r8     = 'java/security/AccessControlContext'
  #           [sp+0x80]  (sp of caller)
  0x000001f65ecb3200: 8984 2400 | 90ff ff55 | 4883 ec70 

  0x000001f65ecb320c: ;   {metadata(method data for {method} {0x000001f60043c5d8} 'doPrivileged' '(Ljava/security/PrivilegedAction;Ljava/security/AccessControlContext;)Ljava/lang/Object;' in 'java/security/AccessController')}
  0x000001f65ecb320c: 48be c8d7 | fa7b f601 | 0000 8bbe | cc00 0000 | 83c7 0289 | becc 0000 | 0081 e7fe | 0700 0083 
  0x000001f65ecb322c: ff00 0f84 | 4402 0000 | 4c89 4424 | 4048 8954 

  0x000001f65ecb323c: ;   {metadata(method data for {method} {0x000001f60043c5d8} 'doPrivileged' '(Ljava/security/PrivilegedAction;Ljava/security/AccessControlContext;)Ljava/lang/Object;' in 'java/security/AccessController')}
  0x000001f65ecb323c: 2448 48be | c8d7 fa7b | f601 0000 | 4883 8610 | 0100 0001 | 0f1f 8000 

  0x000001f65ecb3254: ;   {static_call}
  0x000001f65ecb3254: 0000 00e8 

  0x000001f65ecb3258: ; ImmutableOopMap {[64]=Oop [72]=Oop }
                      ;*invokestatic getCallerClass {reexecute=0 rethrow=0 return_oop=0}
                      ; - java.security.AccessController::doPrivileged@0 (line 397)
  0x000001f65ecb3258: e4c6 3607 

  0x000001f65ecb325c: ;   {metadata(method data for {method} {0x000001f60043c5d8} 'doPrivileged' '(Ljava/security/PrivilegedAction;Ljava/security/AccessControlContext;)Ljava/lang/Object;' in 'java/security/AccessController')}
  0x000001f65ecb325c: 48ba c8d7 | fa7b f601 | 0000 4883 | 8220 0100 | 0001 488b | 5424 404c | 8bc0 4889 | 4424 500f 
  0x000001f65ecb327c: ;   {static_call}
  0x000001f65ecb327c: 1f40 00e8 

  0x000001f65ecb3280: ; ImmutableOopMap {[72]=Oop [80]=Oop }
                      ;*invokestatic checkContext {reexecute=0 rethrow=0 return_oop=0}
                      ; - java.security.AccessController::doPrivileged@6 (line 398)
  0x000001f65ecb3280: fce8 6207 | 4889 4424 

  0x000001f65ecb3288: ;   {metadata(method data for {method} {0x000001f60043c5d8} 'doPrivileged' '(Ljava/security/PrivilegedAction;Ljava/security/AccessControlContext;)Ljava/lang/Object;' in 'java/security/AccessController')}
  0x000001f65ecb3288: 5848 bac8 | d7fa 7bf6 | 0100 0048 | 8382 3001 

  0x000001f65ecb3298: ;   {metadata(method data for {method} {0x000001f60043baf8} 'executePrivileged' '(Ljava/security/PrivilegedAction;Ljava/security/AccessControlContext;Ljava/lang/Class;)Ljava/lang/Object;' in 'java/security/AccessController')}
  0x000001f65ecb3298: 0000 0148 | ba40 e20c | 7bf6 0100 | 008b b2cc | 0000 0083 | c602 89b2 | cc00 0000 | 81e6 feff 
  0x000001f65ecb32b8: 1f00 83fe | 000f 84d6 | 0100 0048 

  0x000001f65ecb32c4: ;   {metadata(method data for {method} {0x000001f60043baf8} 'executePrivileged' '(Ljava/security/PrivilegedAction;Ljava/security/AccessControlContext;Ljava/lang/Class;)Ljava/lang/Object;' in 'java/security/AccessController')}
  0x000001f65ecb32c4: 83f8 0048 | ba40 e20c | 7bf6 0100 | 0048 be10 | 0100 0000 | 0000 000f | 840a 0000 | 0048 be20 
  0x000001f65ecb32e4: 0100 0000 | 0000 0048 | 8b3c 3248 | 8d7f 0148 | 893c 320f | 841f 0000 

  0x000001f65ecb32fc: ;   {metadata(method data for {method} {0x000001f60043baf8} 'executePrivileged' '(Ljava/security/PrivilegedAction;Ljava/security/AccessControlContext;Ljava/lang/Class;)Ljava/lang/Object;' in 'java/security/AccessController')}
  0x000001f65ecb32fc: 0048 ba40 | e20c 7bf6 | 0100 0048 | 8382 3001 | 0000 0148 | 8bd0 0f1f 

  0x000001f65ecb3314: ;   {static_call}
  0x000001f65ecb3314: 4400 00e8 

  0x000001f65ecb3318: ; ImmutableOopMap {[72]=Oop [80]=Oop [88]=Oop }
                      ;*invokestatic ensureMaterializedForStackWalk {reexecute=0 rethrow=0 return_oop=0}
                      ; - java.security.AccessController::executePrivileged@5 (line 772)
                      ; - java.security.AccessController::doPrivileged@13 (line 399)
  0x000001f65ecb3318: 2436 3707 

  0x000001f65ecb331c: ;   {metadata(method data for {method} {0x000001f60043baf8} 'executePrivileged' '(Ljava/security/PrivilegedAction;Ljava/security/AccessControlContext;Ljava/lang/Class;)Ljava/lang/Object;' in 'java/security/AccessController')}
  0x000001f65ecb331c: 48ba 40e2 | 0c7b f601 | 0000 ff82 | 4001 0000 | 488b 5424 | 4848 3b02 

  0x000001f65ecb3334: ;   {metadata(method data for {method} {0x000001f60043baf8} 'executePrivileged' '(Ljava/security/PrivilegedAction;Ljava/security/AccessControlContext;Ljava/lang/Class;)Ljava/lang/Object;' in 'java/security/AccessController')}
  0x000001f65ecb3334: 488b f248 | bf40 e20c | 7bf6 0100 | 008b 7608 | 49ba 0000 | 0000 f601 | 0000 4903 | f248 3bb7 
  0x000001f65ecb3354: b001 0000 | 750d 4883 | 87b8 0100 | 0001 e966 | 0000 0048 | 3bb7 c001 | 0000 750d | 4883 87c8 
  0x000001f65ecb3374: 0100 0001 | e950 0000 | 0048 81bf | b001 0000 | 0000 0000 | 7517 4889 | b7b0 0100 | 0048 c787 
  0x000001f65ecb3394: b801 0000 | 0100 0000 | e92c 0000 | 0048 81bf | c001 0000 | 0000 0000 | 7517 4889 | b7c0 0100 
  0x000001f65ecb33b4: 0048 c787 | c801 0000 | 0100 0000 | e908 0000 | 0048 8387 | a001 0000 | 0148 b8d0 | 7c3c 41f6 
  0x000001f65ecb33d4: ;   {virtual_call}
  0x000001f65ecb33d4: 0100 00e8 

  0x000001f65ecb33d8: ; ImmutableOopMap {[80]=Oop [88]=Oop }
                      ;*invokeinterface run {reexecute=0 rethrow=0 return_oop=0}
                      ; - java.security.AccessController::executePrivileged@29 (line 776)
                      ; - java.security.AccessController::doPrivileged@13 (line 399)
  0x000001f65ecb33d8: 04c6 cf06 

  0x000001f65ecb33dc: ;   {metadata(method data for {method} {0x000001f60043baf8} 'executePrivileged' '(Ljava/security/PrivilegedAction;Ljava/security/AccessControlContext;Ljava/lang/Class;)Ljava/lang/Object;' in 'java/security/AccessController')}
  0x000001f65ecb33dc: 48be 40e2 | 0c7b f601 | 0000 ff86 | d801 0000 | 488b 7424 

  0x000001f65ecb33f0: ;   {metadata(method data for {method} {0x000001f60043baf8} 'executePrivileged' '(Ljava/security/PrivilegedAction;Ljava/security/AccessControlContext;Ljava/lang/Class;)Ljava/lang/Object;' in 'java/security/AccessController')}
  0x000001f65ecb33f0: 5048 bf40 | e20c 7bf6 | 0100 0048 | 8387 3802 

  0x000001f65ecb3400: ;   {metadata(method data for {method} {0x000001f6003d0fb8} 'reachabilityFence' '(Ljava/lang/Object;)V' in 'java/lang/ref/Reference')}
  0x000001f65ecb3400: 0000 0148 | bf90 7307 | 7bf6 0100 | 008b 9fcc | 0000 0083 | c302 899f | cc00 0000 | 81e3 feff 
  0x000001f65ecb3420: 1f00 83fb | 000f 8494 

  0x000001f65ecb3428: ;   {metadata(method data for {method} {0x000001f60043baf8} 'executePrivileged' '(Ljava/security/PrivilegedAction;Ljava/security/AccessControlContext;Ljava/lang/Class;)Ljava/lang/Object;' in 'java/security/AccessController')}
  0x000001f65ecb3428: 0000 0048 | be40 e20c | 7bf6 0100 | 0048 8386 | 4802 0000 

  0x000001f65ecb343c: ;   {metadata(method data for {method} {0x000001f6003d0fb8} 'reachabilityFence' '(Ljava/lang/Object;)V' in 'java/lang/ref/Reference')}
  0x000001f65ecb343c: 0148 be90 | 7307 7bf6 | 0100 008b | becc 0000 | 0083 c702 | 89be cc00 | 0000 81e7 | feff 1f00 
  0x000001f65ecb345c: 83ff 000f | 847b 0000 | 0048 83c4 

  0x000001f65ecb3468: ;   {poll_return}
  0x000001f65ecb3468: 705d 493b | a748 0300 | 000f 878a | 0000 00c3 

  0x000001f65ecb3478: ;   {metadata({method} {0x000001f60043c5d8} 'doPrivileged' '(Ljava/security/PrivilegedAction;Ljava/security/AccessControlContext;)Ljava/lang/Object;' in 'java/security/AccessController')}
  0x000001f65ecb3478: 49ba d0c5 | 4300 f601 | 0000 4c89 | 5424 0848 | c704 24ff 

  0x000001f65ecb348c: ;   {runtime_call counter_overflow Runtime1 stub}
  0x000001f65ecb348c: ffff ffe8 

  0x000001f65ecb3490: ; ImmutableOopMap {rdx=Oop r8=Oop }
                      ;*synchronization entry
                      ; - java.security.AccessController::doPrivileged@-1 (line 397)
  0x000001f65ecb3490: ec8b cf06 | e99b fdff 

  0x000001f65ecb3498: ;   {metadata({method} {0x000001f60043baf8} 'executePrivileged' '(Ljava/security/PrivilegedAction;Ljava/security/AccessControlContext;Ljava/lang/Class;)Ljava/lang/Object;' in 'java/security/AccessController')}
  0x000001f65ecb3498: ff49 baf0 | ba43 00f6 | 0100 004c | 8954 2408 | 48c7 0424 | ffff ffff 

  0x000001f65ecb34b0: ;   {runtime_call counter_overflow Runtime1 stub}
  0x000001f65ecb34b0: e8cb 8bcf 

  0x000001f65ecb34b4: ; ImmutableOopMap {[72]=Oop [80]=Oop rax=Oop [88]=Oop }
                      ;*synchronization entry
                      ; - java.security.AccessController::executePrivileged@-1 (line 771)
                      ; - java.security.AccessController::doPrivileged@13 (line 399)
  0x000001f65ecb34b4: 06e9 09fe 

  0x000001f65ecb34b8: ;   {runtime_call throw_null_pointer_exception Runtime1 stub}
  0x000001f65ecb34b8: ffff e8e1 

  0x000001f65ecb34bc: ; ImmutableOopMap {[80]=Oop rdx=Oop [88]=Oop }
                      ;*invokeinterface run {reexecute=0 rethrow=0 return_oop=0}
                      ; - java.security.AccessController::executePrivileged@29 (line 776)
                      ; - java.security.AccessController::doPrivileged@13 (line 399)
                      ;   {metadata({method} {0x000001f6003d0fb8} 'reachabilityFence' '(Ljava/lang/Object;)V' in 'java/lang/ref/Reference')}
  0x000001f65ecb34bc: 3acf 0649 | bab0 0f3d | 00f6 0100 | 004c 8954 | 2408 48c7 | 0424 ffff 

  0x000001f65ecb34d4: ;   {runtime_call counter_overflow Runtime1 stub}
  0x000001f65ecb34d4: ffff e8a5 

  0x000001f65ecb34d8: ; ImmutableOopMap {rax=Oop rsi=Oop }
                      ;*synchronization entry
                      ; - java.lang.ref.Reference::reachabilityFence@-1 (line 621)
                      ; - java.security.AccessController::executePrivileged@56 (line 781)
                      ; - java.security.AccessController::doPrivileged@13 (line 399)
  0x000001f65ecb34d8: 8bcf 06e9 | 4bff ffff 

  0x000001f65ecb34e0: ;   {metadata({method} {0x000001f6003d0fb8} 'reachabilityFence' '(Ljava/lang/Object;)V' in 'java/lang/ref/Reference')}
  0x000001f65ecb34e0: 49ba b00f | 3d00 f601 | 0000 4c89 | 5424 0848 | c704 24ff 

  0x000001f65ecb34f4: ;   {runtime_call counter_overflow Runtime1 stub}
  0x000001f65ecb34f4: ffff ffe8 

  0x000001f65ecb34f8: ; ImmutableOopMap {rax=Oop }
                      ;*synchronization entry
                      ; - java.lang.ref.Reference::reachabilityFence@-1 (line 621)
                      ; - java.security.AccessController::executePrivileged@60 (line 782)
                      ; - java.security.AccessController::doPrivileged@13 (line 399)
  0x000001f65ecb34f8: 848b cf06 | e964 ffff 

  0x000001f65ecb3500: ;   {internal_word}
  0x000001f65ecb3500: ff49 ba6a | 34cb 5ef6 | 0100 004d | 8997 6003 

  0x000001f65ecb3510: ;   {runtime_call SafepointBlob}
  0x000001f65ecb3510: 0000 e9e9 | fec4 0690 | 9049 8b87 | d803 0000 | 49c7 87d8 | 0300 0000 | 0000 0049 | c787 e003 
  0x000001f65ecb3530: 0000 0000 | 0000 4883 

  0x000001f65ecb3538: ;   {runtime_call unwind_exception Runtime1 stub}
  0x000001f65ecb3538: c470 5de9 | c05a c606 
[Stub Code]
  0x000001f65ecb3540: ;   {no_reloc}
  0x000001f65ecb3540: 0f1f 4400 

  0x000001f65ecb3544: ;   {static_stub}
  0x000001f65ecb3544: 0048 bb00 | 0000 0000 

  0x000001f65ecb354c: ;   {runtime_call}
  0x000001f65ecb354c: 0000 00e9 | fbff ffff 

  0x000001f65ecb3554: ;   {static_stub}
  0x000001f65ecb3554: 9048 bb00 | 0000 0000 

  0x000001f65ecb355c: ;   {runtime_call}
  0x000001f65ecb355c: 0000 00e9 | fbff ffff 

  0x000001f65ecb3564: ;   {static_stub}
  0x000001f65ecb3564: 9048 bb00 | 0000 0000 

  0x000001f65ecb356c: ;   {runtime_call}
  0x000001f65ecb356c: 0000 00e9 | fbff ffff 

  0x000001f65ecb3574: ;   {static_stub}
  0x000001f65ecb3574: 9048 bb00 | 0000 0000 

  0x000001f65ecb357c: ;   {runtime_call}
  0x000001f65ecb357c: 0000 00e9 | fbff ffff 
[Exception Handler]
  0x000001f65ecb3584: ;   {runtime_call handle_exception_from_callee Runtime1 stub}
  0x000001f65ecb3584: e8f7 57cf 

  0x000001f65ecb3588: ;   {external_word}
  0x000001f65ecb3588: 0648 b990 | f0d4 e6fe | 7f00 0048 

  0x000001f65ecb3594: ;   {runtime_call}
  0x000001f65ecb3594: 83e4 f049 | ba20 f9a2 | e6fe 7f00 | 0041 ffd2 

  0x000001f65ecb35a4: ;   {section_word}
  0x000001f65ecb35a4: f449 baa5 | 35cb 5ef6 | 0100 0041 

  0x000001f65ecb35b0: ;   {runtime_call DeoptimizationBlob}
  0x000001f65ecb35b0: 52e9 eaf0 | c406 f4f4 
[/MachCode]


Compiled method (c1)   56338 6137   !   3       com.sun.glass.ui.InvokeLaterDispatcher$Future::run (91 bytes)
 total in heap  [0x000001f65f0ebc10,0x000001f65f0ec5b8] = 2472
 relocation     [0x000001f65f0ebd68,0x000001f65f0ebde8] = 128
 main code      [0x000001f65f0ebe00,0x000001f65f0ec260] = 1120
 stub code      [0x000001f65f0ec260,0x000001f65f0ec2c8] = 104
 oops           [0x000001f65f0ec2c8,0x000001f65f0ec2d0] = 8
 metadata       [0x000001f65f0ec2d0,0x000001f65f0ec2d8] = 8
 scopes data    [0x000001f65f0ec2d8,0x000001f65f0ec390] = 184
 scopes pcs     [0x000001f65f0ec390,0x000001f65f0ec4a0] = 272
 dependencies   [0x000001f65f0ec4a0,0x000001f65f0ec4a8] = 8
 handler table  [0x000001f65f0ec4a8,0x000001f65f0ec568] = 192
 nul chk table  [0x000001f65f0ec568,0x000001f65f0ec5b8] = 80

[Constant Pool (empty)]

[MachCode]
[Entry Point]
  # {method} {0x000001f67c0ce268} 'run' '()V' in 'com/sun/glass/ui/InvokeLaterDispatcher$Future'
  #           [sp+0x70]  (sp of caller)
  0x000001f65f0ebe00: 448b 5208 | 49bb 0000 | 0000 f601 | 0000 4d03 | d34c 3bd0 

  0x000001f65f0ebe14: ;   {runtime_call ic_miss_stub}
  0x000001f65f0ebe14: 0f85 660c | 8106 660f | 1f44 0000 
[Verified Entry Point]
  0x000001f65f0ebe20: 8984 2400 | 90ff ff55 | 4883 ec60 

  0x000001f65f0ebe2c: ;   {metadata(method data for {method} {0x000001f67c0ce268} 'run' '()V' in 'com/sun/glass/ui/InvokeLaterDispatcher$Future')}
  0x000001f65f0ebe2c: 48be 100e | 9e7c f601 | 0000 8bbe | cc00 0000 | 83c7 0289 | becc 0000 | 0081 e7fe | 0700 0083 
  0x000001f65f0ebe4c: ff00 0f84 | fe02 0000 | 8b72 1048 | c1e6 0348 | 3b06 488b 

  0x000001f65f0ebe60: ;   {metadata(method data for {method} {0x000001f67c0ce268} 'run' '()V' in 'com/sun/glass/ui/InvokeLaterDispatcher$Future')}
  0x000001f65f0ebe60: fe48 bb10 | 0e9e 7cf6 | 0100 008b | 7f08 49ba | 0000 0000 | f601 0000 | 4903 fa48 | 3bbb 2001 
  0x000001f65f0ebe80: 0000 750d | 4883 8328 | 0100 0001 | e966 0000 | 0048 3bbb | 3001 0000 | 750d 4883 | 8338 0100 
  0x000001f65f0ebea0: 0001 e950 | 0000 0048 | 81bb 2001 | 0000 0000 | 0000 7517 | 4889 bb20 | 0100 0048 | c783 2801 
  0x000001f65f0ebec0: 0000 0100 | 0000 e92c | 0000 0048 | 81bb 3001 | 0000 0000 | 0000 7517 | 4889 bb30 | 0100 0048 
  0x000001f65f0ebee0: c783 3801 | 0000 0100 | 0000 e908 | 0000 0048 | 8383 1001 | 0000 0148 | 8954 2420 | 488b d666 
  0x000001f65f0ebf00: 0f1f 4400 | 0048 b880 | 8eaf 7af6 

  0x000001f65f0ebf0c: ;   {virtual_call}
  0x000001f65f0ebf0c: 0100 00e8 

  0x000001f65f0ebf10: ; ImmutableOopMap {[32]=Oop }
                      ;*invokeinterface run {reexecute=0 rethrow=0 return_oop=0}
                      ; - com.sun.glass.ui.InvokeLaterDispatcher$Future::run@4 (line 96)
  0x000001f65f0ebf10: cc3a 8c06 | 488b 5424 | 208b 4214 | 48c1 e003 

  0x000001f65f0ebf20: ; implicit exception: dispatches to 0x000001f65f0ec178
  0x000001f65f0ebf20: 8bb0 7801 | 0000 48c1 | e603 488d | 7c24 4048 | 8977 0848 | 8b06 4883 | c801 4889 | 07f0 480f 
  0x000001f65f0ebf40: b13e 0f84 | 1300 0000 | 482b c448 | 81e0 07f0 | ffff 4889 | 070f 8527 | 0200 0048 | 8974 2428 
  0x000001f65f0ebf60: c642 0c01 | 8b52 1448 | c1e2 038b | 9278 0100 | 0048 c1e2 | 0348 3b02 

  0x000001f65f0ebf78: ;   {metadata(method data for {method} {0x000001f67c0ce268} 'run' '()V' in 'com/sun/glass/ui/InvokeLaterDispatcher$Future')}
  0x000001f65f0ebf78: 488b fa48 | bb10 0e9e | 7cf6 0100 | 0048 8383 | 4801 0000 

  0x000001f65f0ebf8c: ;   {optimized virtual_call}
  0x000001f65f0ebf8c: 0166 90e8 

  0x000001f65f0ebf90: ; ImmutableOopMap {[40]=Oop [72]=Oop }
                      ;*invokevirtual notifyAll {reexecute=0 rethrow=0 return_oop=0}
                      ; - com.sun.glass.ui.InvokeLaterDispatcher$Future::run@31 (line 100)
  0x000001f65f0ebf90: 2c8b 1107 | 488d 4424 | 4048 8b10 | 4885 d20f | 840f 0000 | 0048 8b70 | 08f0 480f | b116 0f85 
  0x000001f65f0ebfb0: eb01 0000 

  0x000001f65f0ebfb4: ;   {metadata(method data for {method} {0x000001f67c0ce268} 'run' '()V' in 'com/sun/glass/ui/InvokeLaterDispatcher$Future')}
  0x000001f65f0ebfb4: 48b8 100e | 9e7c f601 | 0000 ff80 | 8001 0000 | e9c0 0000 | 0049 8b87 | d803 0000 | 4d33 d24d 
  0x000001f65f0ebfd4: 8997 d803 | 0000 4d33 | d24d 8997 | e003 0000 | 8b72 1448 | c1e6 038b | b678 0100 | 0048 c1e6 
  0x000001f65f0ebff4: 0348 8d7c | 2440 4889 | 4424 3048 | 8977 0848 | 8b06 4883 | c801 4889 | 07f0 480f | b13e 0f84 
  0x000001f65f0ec014: 1300 0000 | 482b c448 | 81e0 07f0 | ffff 4889 | 070f 8591 | 0100 0048 | 8974 2438 | c642 0c01 
  0x000001f65f0ec034: 8b52 1448 | c1e2 038b | 9278 0100 | 0048 c1e2 | 0348 3b02 

  0x000001f65f0ec048: ;   {metadata(method data for {method} {0x000001f67c0ce268} 'run' '()V' in 'com/sun/glass/ui/InvokeLaterDispatcher$Future')}
  0x000001f65f0ec048: 488b fa48 | bb10 0e9e | 7cf6 0100 | 0048 8383 | b001 0000 

  0x000001f65f0ec05c: ;   {optimized virtual_call}
  0x000001f65f0ec05c: 0166 90e8 

  0x000001f65f0ec060: ; ImmutableOopMap {[48]=Oop [56]=Oop [72]=Oop }
                      ;*invokevirtual notifyAll {reexecute=0 rethrow=0 return_oop=0}
                      ; - com.sun.glass.ui.InvokeLaterDispatcher$Future::run@71 (line 100)
  0x000001f65f0ec060: 1c0d 8106 | 488d 4424 | 4048 8b30 | 4885 f60f | 840f 0000 | 0048 8b78 | 08f0 480f | b137 0f85 
  0x000001f65f0ec080: 5501 0000 | e923 0000 

  0x000001f65f0ec088: ;   {metadata(method data for {method} {0x000001f67c0ce268} 'run' '()V' in 'com/sun/glass/ui/InvokeLaterDispatcher$Future')}
  0x000001f65f0ec088: 0048 b810 | 0e9e 7cf6 | 0100 00ff | 8098 0100 | 0048 83c4 

  0x000001f65f0ec09c: ;   {poll_return}
  0x000001f65f0ec09c: 605d 493b | a748 0300 | 000f 8741 | 0100 00c3 

  0x000001f65f0ec0ac: ;   {metadata(method data for {method} {0x000001f67c0ce268} 'run' '()V' in 'com/sun/glass/ui/InvokeLaterDispatcher$Future')}
  0x000001f65f0ec0ac: 48b8 100e | 9e7c f601 | 0000 ff80 | e801 0000 | 488b 4424 | 30e9 8b01 | 0000 498b | 87d8 0300 
  0x000001f65f0ec0cc: 004d 33d2 | 4d89 97d8 | 0300 004d | 33d2 4d89 | 97e0 0300 | 0048 8bf0 | 488d 4424 | 4048 8b38 
  0x000001f65f0ec0ec: 4885 ff0f | 840f 0000 | 0048 8b58 | 08f0 480f | b13b 0f85 | fe00 0000 | 488b c6e9 | 4501 0000 
  0x000001f65f0ec10c: 498b 87d8 | 0300 004d | 33d2 4d89 | 97d8 0300 | 004d 33d2 | 4d89 97e0 | 0300 0048 | 8bf0 488d 
  0x000001f65f0ec12c: 4424 4048 | 8b38 4885 | ff0f 840f | 0000 0048 | 8b58 08f0 | 480f b13b | 0f85 cb00 | 0000 488b 
  0x000001f65f0ec14c: c6e9 ff00 

  0x000001f65f0ec150: ;   {metadata({method} {0x000001f67c0ce268} 'run' '()V' in 'com/sun/glass/ui/InvokeLaterDispatcher$Future')}
  0x000001f65f0ec150: 0000 49ba | 60e2 0c7c | f601 0000 | 4c89 5424 | 0848 c704 | 24ff ffff 

  0x000001f65f0ec168: ;   {runtime_call counter_overflow Runtime1 stub}
  0x000001f65f0ec168: ffe8 12ff 

  0x000001f65f0ec16c: ; ImmutableOopMap {rdx=Oop }
                      ;*synchronization entry
                      ; - com.sun.glass.ui.InvokeLaterDispatcher$Future::run@-1 (line 96)
  0x000001f65f0ec16c: 8b06 e9e1 

  0x000001f65f0ec170: ;   {runtime_call throw_null_pointer_exception Runtime1 stub}
  0x000001f65f0ec170: fcff ffe8 

  0x000001f65f0ec174: ; ImmutableOopMap {rdx=Oop rsi=Oop }
                      ;*invokeinterface run {reexecute=0 rethrow=0 return_oop=0}
                      ; - com.sun.glass.ui.InvokeLaterDispatcher$Future::run@4 (line 96)
  0x000001f65f0ec174: 28ae 8b06 

  0x000001f65f0ec178: ;   {runtime_call throw_null_pointer_exception Runtime1 stub}
  0x000001f65f0ec178: e823 ae8b 

  0x000001f65f0ec17c: ; ImmutableOopMap {rdx=Oop }
                      ;*getfield LOCK {reexecute=1 rethrow=0 return_oop=0}
                      ; - (reexecute) com.sun.glass.ui.InvokeLaterDispatcher$Future::run@13 (line 98)
                      ;   {runtime_call throw_null_pointer_exception Runtime1 stub}
  0x000001f65f0ec17c: 06e8 1eae 

  0x000001f65f0ec180: ; ImmutableOopMap {rdx=Oop rsi=Oop }
                      ;*monitorenter {reexecute=0 rethrow=0 return_oop=0}
                      ; - com.sun.glass.ui.InvokeLaterDispatcher$Future::run@18 (line 98)
  0x000001f65f0ec180: 8b06 4889 | 7424 0848 

  0x000001f65f0ec188: ;   {runtime_call monitorenter_nofpu Runtime1 stub}
  0x000001f65f0ec188: 893c 24e8 

  0x000001f65f0ec18c: ; ImmutableOopMap {rdx=Oop rsi=Oop [72]=Oop }
                      ;*monitorenter {reexecute=0 rethrow=0 return_oop=0}
                      ; - com.sun.glass.ui.InvokeLaterDispatcher$Future::run@18 (line 98)
  0x000001f65f0ec18c: f0dd 8b06 | e9c6 fdff 

  0x000001f65f0ec194: ;   {runtime_call throw_null_pointer_exception Runtime1 stub}
  0x000001f65f0ec194: ffe8 06ae 

  0x000001f65f0ec198: ; ImmutableOopMap {[40]=Oop [72]=Oop }
                      ;*getfield LOCK {reexecute=1 rethrow=0 return_oop=0}
                      ; - (reexecute) com.sun.glass.ui.InvokeLaterDispatcher$Future::run@28 (line 100)
                      ;   {runtime_call throw_null_pointer_exception Runtime1 stub}
  0x000001f65f0ec198: 8b06 e801 

  0x000001f65f0ec19c: ; ImmutableOopMap {[40]=Oop rdx=Oop [72]=Oop }
                      ;*invokevirtual notifyAll {reexecute=0 rethrow=0 return_oop=0}
                      ; - com.sun.glass.ui.InvokeLaterDispatcher$Future::run@31 (line 100)
  0x000001f65f0ec19c: ae8b 0648 | 8d44 2440 | 4889 0424 

  0x000001f65f0ec1a8: ;   {runtime_call monitorexit_nofpu Runtime1 stub}
  0x000001f65f0ec1a8: e8d3 e38b | 06e9 02fe 

  0x000001f65f0ec1b0: ;   {runtime_call throw_null_pointer_exception Runtime1 stub}
  0x000001f65f0ec1b0: ffff e8e9 

  0x000001f65f0ec1b4: ; ImmutableOopMap {rdx=Oop rax=Oop }
                      ;*getfield LOCK {reexecute=1 rethrow=0 return_oop=0}
                      ; - (reexecute) com.sun.glass.ui.InvokeLaterDispatcher$Future::run@52 (line 98)
                      ;   {runtime_call throw_null_pointer_exception Runtime1 stub}
  0x000001f65f0ec1b4: ad8b 06e8 

  0x000001f65f0ec1b8: ; ImmutableOopMap {rdx=Oop rsi=Oop [48]=Oop }
                      ;*monitorenter {reexecute=0 rethrow=0 return_oop=0}
                      ; - com.sun.glass.ui.InvokeLaterDispatcher$Future::run@58 (line 98)
  0x000001f65f0ec1b8: e4ad 8b06 | 4889 7424 | 0848 893c 

  0x000001f65f0ec1c4: ;   {runtime_call monitorenter_nofpu Runtime1 stub}
  0x000001f65f0ec1c4: 24e8 b6dd 

  0x000001f65f0ec1c8: ; ImmutableOopMap {rdx=Oop rsi=Oop [48]=Oop [72]=Oop }
                      ;*monitorenter {reexecute=0 rethrow=0 return_oop=0}
                      ; - com.sun.glass.ui.InvokeLaterDispatcher$Future::run@58 (line 98)
  0x000001f65f0ec1c8: 8b06 e95c 

  0x000001f65f0ec1cc: ;   {runtime_call throw_null_pointer_exception Runtime1 stub}
  0x000001f65f0ec1cc: feff ffe8 

  0x000001f65f0ec1d0: ; ImmutableOopMap {[56]=Oop [48]=Oop [72]=Oop }
                      ;*getfield LOCK {reexecute=1 rethrow=0 return_oop=0}
                      ; - (reexecute) com.sun.glass.ui.InvokeLaterDispatcher$Future::run@68 (line 100)
  0x000001f65f0ec1d0: ccad 8b06 

  0x000001f65f0ec1d4: ;   {runtime_call throw_null_pointer_exception Runtime1 stub}
  0x000001f65f0ec1d4: e8c7 ad8b 

  0x000001f65f0ec1d8: ; ImmutableOopMap {[56]=Oop [48]=Oop rdx=Oop [72]=Oop }
                      ;*invokevirtual notifyAll {reexecute=0 rethrow=0 return_oop=0}
                      ; - com.sun.glass.ui.InvokeLaterDispatcher$Future::run@71 (line 100)
  0x000001f65f0ec1d8: 0648 8d44 | 2440 4889 

  0x000001f65f0ec1e0: ;   {runtime_call monitorexit_nofpu Runtime1 stub}
  0x000001f65f0ec1e0: 0424 e899 | e38b 06e9 | 98fe ffff 

  0x000001f65f0ec1ec: ;   {internal_word}
  0x000001f65f0ec1ec: 49ba 9ec0 | 0e5f f601 | 0000 4d89 | 9760 0300 

  0x000001f65f0ec1fc: ;   {runtime_call SafepointBlob}
  0x000001f65f0ec1fc: 00e9 fe71 | 8106 488d | 4424 4048 

  0x000001f65f0ec208: ;   {runtime_call monitorexit_nofpu Runtime1 stub}
  0x000001f65f0ec208: 8904 24e8 | 70e3 8b06 | e9ef feff | ff48 8d44 | 2440 4889 

  0x000001f65f0ec21c: ;   {runtime_call monitorexit_nofpu Runtime1 stub}
  0x000001f65f0ec21c: 0424 e85d | e38b 06e9 | 22ff ffff | 488b 5424 | 20e9 97fd | ffff 9090 | 498b 87d8 | 0300 0049 
  0x000001f65f0ec23c: c787 d803 | 0000 0000 | 0000 49c7 | 87e0 0300 | 0000 0000 | 0048 83c4 

  0x000001f65f0ec254: ;   {runtime_call unwind_exception Runtime1 stub}
  0x000001f65f0ec254: 605d e9a5 | cd82 06f4 | f4f4 f4f4 
[Stub Code]
  0x000001f65f0ec260: ;   {no_reloc}
  0x000001f65f0ec260: 0f1f 4400 

  0x000001f65f0ec264: ;   {static_stub}
  0x000001f65f0ec264: 0048 bb00 | 0000 0000 

  0x000001f65f0ec26c: ;   {runtime_call}
  0x000001f65f0ec26c: 0000 00e9 | fbff ffff 

  0x000001f65f0ec274: ;   {static_stub}
  0x000001f65f0ec274: 9048 bb00 | 0000 0000 

  0x000001f65f0ec27c: ;   {runtime_call}
  0x000001f65f0ec27c: 0000 00e9 | fbff ffff 

  0x000001f65f0ec284: ;   {static_stub}
  0x000001f65f0ec284: 9048 bb00 | 0000 0000 

  0x000001f65f0ec28c: ;   {runtime_call}
  0x000001f65f0ec28c: 0000 00e9 | fbff ffff 
[Exception Handler]
  0x000001f65f0ec294: ;   {runtime_call handle_exception_from_callee Runtime1 stub}
  0x000001f65f0ec294: e8e7 ca8b 

  0x000001f65f0ec298: ;   {external_word}
  0x000001f65f0ec298: 0648 b990 | f0d4 e6fe | 7f00 0048 

  0x000001f65f0ec2a4: ;   {runtime_call}
  0x000001f65f0ec2a4: 83e4 f049 | ba20 f9a2 | e6fe 7f00 | 0041 ffd2 

  0x000001f65f0ec2b4: ;   {section_word}
  0x000001f65f0ec2b4: f449 bab5 | c20e 5ff6 | 0100 0041 

  0x000001f65f0ec2c0: ;   {runtime_call DeoptimizationBlob}
  0x000001f65f0ec2c0: 52e9 da63 | 8106 f4f4 
[/MachCode]


---------------  P R O C E S S  ---------------

Threads class SMR info:
_java_thread_list=0x000001f641daca40, length=23, elements={
0x000001f656ba53a0, 0x000001f67a1eb140, 0x000001f67a1ebed0, 0x000001f67a308b60,
0x000001f67a30b540, 0x000001f67a30c420, 0x000001f67a30ccf0, 0x000001f67a30d8f0,
0x000001f67a30ea50, 0x000001f67a316ac0, 0x000001f67a48b790, 0x000001f67a55e8a0,
0x000001f67ae30f20, 0x000001f67fedeba0, 0x000001f67fefdd60, 0x000001f64206a810,
0x000001f67ffa4ef0, 0x000001f67ffa6d50, 0x000001f641d676a0, 0x000001f641d6bd80,
0x000001f641d66770, 0x000001f641d66260, 0x000001f641d69500
}

Java Threads: ( => current thread )
  0x000001f656ba53a0 JavaThread "main" [_thread_blocked, id=43972, stack(0x000000be00900000,0x000000be00a00000)]
  0x000001f67a1eb140 JavaThread "Reference Handler" daemon [_thread_blocked, id=21400, stack(0x000000be01000000,0x000000be01100000)]
  0x000001f67a1ebed0 JavaThread "Finalizer" daemon [_thread_blocked, id=27800, stack(0x000000be01100000,0x000000be01200000)]
  0x000001f67a308b60 JavaThread "Signal Dispatcher" daemon [_thread_blocked, id=43640, stack(0x000000be01200000,0x000000be01300000)]
  0x000001f67a30b540 JavaThread "Attach Listener" daemon [_thread_blocked, id=39872, stack(0x000000be01300000,0x000000be01400000)]
  0x000001f67a30c420 JavaThread "Service Thread" daemon [_thread_blocked, id=10272, stack(0x000000be01400000,0x000000be01500000)]
  0x000001f67a30ccf0 JavaThread "Monitor Deflation Thread" daemon [_thread_blocked, id=34880, stack(0x000000be01500000,0x000000be01600000)]
  0x000001f67a30d8f0 JavaThread "C2 CompilerThread0" daemon [_thread_blocked, id=15888, stack(0x000000be01600000,0x000000be01700000)]
  0x000001f67a30ea50 JavaThread "C1 CompilerThread0" daemon [_thread_blocked, id=35940, stack(0x000000be01700000,0x000000be01800000)]
  0x000001f67a316ac0 JavaThread "Sweeper thread" daemon [_thread_blocked, id=41648, stack(0x000000be01800000,0x000000be01900000)]
  0x000001f67a48b790 JavaThread "Notification Thread" daemon [_thread_blocked, id=19848, stack(0x000000be01c00000,0x000000be01d00000)]
  0x000001f67a55e8a0 JavaThread "Common-Cleaner" daemon [_thread_blocked, id=24972, stack(0x000000be01e00000,0x000000be01f00000)]
  0x000001f67ae30f20 JavaThread "Thread-1" daemon [_thread_blocked, id=41452, stack(0x000000be02d00000,0x000000be02e00000)]
  0x000001f67fedeba0 JavaThread "ForkJoinPool.commonPool-worker-1" daemon [_thread_blocked, id=30408, stack(0x000000be02e00000,0x000000be02f00000)]
  0x000001f67fefdd60 JavaThread "ForkJoinPool.commonPool-worker-2" daemon [_thread_blocked, id=37736, stack(0x000000be02f00000,0x000000be03000000)]
  0x000001f64206a810 JavaThread "JavaFXTemplate.main()" [_thread_blocked, id=16504, stack(0x000000be03000000,0x000000be03100000)]
  0x000001f67ffa4ef0 JavaThread "JavaFX-Launcher" [_thread_blocked, id=34104, stack(0x000000be03100000,0x000000be03200000)]
  0x000001f67ffa6d50 JavaThread "QuantumRenderer-0" daemon [_thread_blocked, id=26516, stack(0x000000be03200000,0x000000be03300000)]
  0x000001f641d676a0 JavaThread "InvokeLaterDispatcher" daemon [_thread_blocked, id=14944, stack(0x000000be03700000,0x000000be03800000)]
=>0x000001f641d6bd80 JavaThread "JavaFX Application Thread" [_thread_in_native, id=26132, stack(0x000000be03800000,0x000000be03900000)]
  0x000001f641d66770 JavaThread "Thread-4" daemon [_thread_in_native, id=45636, stack(0x000000be03a00000,0x000000be03b00000)]
  0x000001f641d66260 JavaThread "Prism Font Disposer" daemon [_thread_blocked, id=43116, stack(0x000000be03b00000,0x000000be03c00000)]
  0x000001f641d69500 JavaThread "Cleaner-0" daemon [_thread_blocked, id=36624, stack(0x000000be04400000,0x000000be04500000)]

Other Threads:
  0x000001f67a1e6670 VMThread "VM Thread" [stack: 0x000000be00f00000,0x000000be01000000] [id=5284]
  0x000001f656c46a70 WatcherThread [stack: 0x000000be01d00000,0x000000be01e00000] [id=44128]
  0x000001f656c11720 GCTaskThread "GC Thread#0" [stack: 0x000000be00a00000,0x000000be00b00000] [id=44708]
  0x000001f67f52dc10 GCTaskThread "GC Thread#1" [stack: 0x000000be02600000,0x000000be02700000] [id=44156]
  0x000001f67f6c2a60 GCTaskThread "GC Thread#2" [stack: 0x000000be02700000,0x000000be02800000] [id=37792]
  0x000001f67aeaebf0 GCTaskThread "GC Thread#3" [stack: 0x000000be02800000,0x000000be02900000] [id=42116]
  0x000001f67f5aaf00 GCTaskThread "GC Thread#4" [stack: 0x000000be02900000,0x000000be02a00000] [id=11936]
  0x000001f67f5ab1c0 GCTaskThread "GC Thread#5" [stack: 0x000000be02a00000,0x000000be02b00000] [id=43100]
  0x000001f67f838750 GCTaskThread "GC Thread#6" [stack: 0x000000be02b00000,0x000000be02c00000] [id=32140]
  0x000001f67fc5efd0 GCTaskThread "GC Thread#7" [stack: 0x000000be02400000,0x000000be02500000] [id=8300]
  0x000001f641496c50 GCTaskThread "GC Thread#8" [stack: 0x000000be02500000,0x000000be02600000] [id=36540]
  0x000001f641496f10 GCTaskThread "GC Thread#9" [stack: 0x000000be02c00000,0x000000be02d00000] [id=40896]
  0x000001f64219d9b0 GCTaskThread "GC Thread#10" [stack: 0x000000be03c00000,0x000000be03d00000] [id=14296]
  0x000001f6421a5bf0 GCTaskThread "GC Thread#11" [stack: 0x000000be03d00000,0x000000be03e00000] [id=39180]
  0x000001f641e9d6a0 GCTaskThread "GC Thread#12" [stack: 0x000000be03e00000,0x000000be03f00000] [id=43088]
  0x000001f656c220c0 ConcurrentGCThread "G1 Main Marker" [stack: 0x000000be00b00000,0x000000be00c00000] [id=36984]
  0x000001f656c24a00 ConcurrentGCThread "G1 Conc#0" [stack: 0x000000be00c00000,0x000000be00d00000] [id=31008]
  0x000001f641f22f40 ConcurrentGCThread "G1 Conc#1" [stack: 0x000000be03f00000,0x000000be04000000] [id=44120]
  0x000001f641aca560 ConcurrentGCThread "G1 Conc#2" [stack: 0x000000be04000000,0x000000be04100000] [id=34300]
  0x000001f656c6e6c0 ConcurrentGCThread "G1 Refine#0" [stack: 0x000000be00d00000,0x000000be00e00000] [id=31856]
  0x000001f67a0a42f0 ConcurrentGCThread "G1 Service" [stack: 0x000000be00e00000,0x000000be00f00000] [id=26172]

Threads with active compile tasks:

VM state: not at safepoint (normal execution)

VM Mutex/Monitor currently owned by a thread: None

Heap address: 0x0000000704c00000, size: 4020 MB, Compressed Oops mode: Zero based, Oop shift amount: 3

CDS archive(s) mapped at: [0x000001f600000000-0x000001f600bd0000-0x000001f600bd0000), size 12386304, SharedBaseAddress: 0x000001f600000000, ArchiveRelocationMode: 1.
Compressed class space mapped at: 0x000001f601000000-0x000001f641000000, reserved size: 1073741824
Narrow klass base: 0x000001f600000000, Narrow klass shift: 0, Narrow klass range: 0x100000000

GC Precious Log:
 CPUs: 16 total, 16 available
 Memory: 16077M
 Large Page Support: Disabled
 NUMA Support: Disabled
 Compressed Oops: Enabled (Zero based)
 Heap Region Size: 2M
 Heap Min Capacity: 8M
 Heap Initial Capacity: 252M
 Heap Max Capacity: 4020M
 Pre-touch: Disabled
 Parallel Workers: 13
 Concurrent Workers: 3
 Concurrent Refinement Workers: 13
 Periodic GC: Disabled

Heap:
 garbage-first heap   total 159744K, used 35429K [0x0000000704c00000, 0x0000000800000000)
  region size 2048K, 3 young (6144K), 1 survivors (2048K)
 Metaspace       used 30680K, committed 30976K, reserved 1114112K
  class space    used 4208K, committed 4352K, reserved 1048576K

Heap Regions: E=young(eden), S=young(survivor), O=old, HS=humongous(starts), HC=humongous(continues), CS=collection set, F=free, OA=open archive, CA=closed archive, TAMS=top-at-mark-start (previous, next)
|   0|0x0000000704c00000, 0x0000000704e00000, 0x0000000704e00000|100%| O|  |TAMS 0x0000000704e00000, 0x0000000704c00000| Untracked 
|   1|0x0000000704e00000, 0x0000000705000000, 0x0000000705000000|100%|HS|  |TAMS 0x0000000705000000, 0x0000000704e00000| Complete 
|   2|0x0000000705000000, 0x0000000705200000, 0x0000000705200000|100%| O|  |TAMS 0x0000000705200000, 0x0000000705000000| Untracked 
|   3|0x0000000705200000, 0x0000000705400000, 0x0000000705400000|100%| O|  |TAMS 0x0000000705400000, 0x0000000705200000| Untracked 
|   4|0x0000000705400000, 0x0000000705600000, 0x0000000705600000|100%| O|  |TAMS 0x0000000705600000, 0x0000000705400000| Untracked 
|   5|0x0000000705600000, 0x0000000705800000, 0x0000000705800000|100%| O|  |TAMS 0x0000000705800000, 0x0000000705600000| Untracked 
|   6|0x0000000705800000, 0x0000000705a00000, 0x0000000705a00000|100%| O|  |TAMS 0x0000000705a00000, 0x0000000705800000| Untracked 
|   7|0x0000000705a00000, 0x0000000705c00000, 0x0000000705c00000|100%| O|  |TAMS 0x0000000705c00000, 0x0000000705a00000| Untracked 
|   8|0x0000000705c00000, 0x0000000705e00000, 0x0000000705e00000|100%| O|  |TAMS 0x0000000705e00000, 0x0000000705c00000| Untracked 
|   9|0x0000000705e00000, 0x0000000706000000, 0x0000000706000000|100%| O|  |TAMS 0x0000000705e48600, 0x0000000705e00000| Untracked 
|  10|0x0000000706000000, 0x0000000706200000, 0x0000000706200000|100%| O|  |TAMS 0x0000000706000000, 0x0000000706000000| Untracked 
|  11|0x0000000706200000, 0x0000000706400000, 0x0000000706400000|100%| O|  |TAMS 0x0000000706400000, 0x0000000706200000| Untracked 
|  12|0x0000000706400000, 0x0000000706600000, 0x0000000706600000|100%| O|  |TAMS 0x0000000706600000, 0x0000000706400000| Untracked 
|  13|0x0000000706600000, 0x0000000706800000, 0x0000000706800000|100%| O|  |TAMS 0x0000000706600000, 0x0000000706600000| Untracked 
|  14|0x0000000706800000, 0x000000070697a400, 0x0000000706a00000| 73%| O|  |TAMS 0x0000000706800000, 0x0000000706800000| Untracked 
|  15|0x0000000706a00000, 0x0000000706a00000, 0x0000000706c00000|  0%| F|  |TAMS 0x0000000706a00000, 0x0000000706a00000| Untracked 
|  16|0x0000000706c00000, 0x0000000706c00000, 0x0000000706e00000|  0%| F|  |TAMS 0x0000000706c00000, 0x0000000706c00000| Untracked 
|  17|0x0000000706e00000, 0x0000000706e00000, 0x0000000707000000|  0%| F|  |TAMS 0x0000000706e00000, 0x0000000706e00000| Untracked 
|  18|0x0000000707000000, 0x0000000707000000, 0x0000000707200000|  0%| F|  |TAMS 0x0000000707000000, 0x0000000707000000| Untracked 
|  19|0x0000000707200000, 0x0000000707200000, 0x0000000707400000|  0%| F|  |TAMS 0x0000000707200000, 0x0000000707200000| Untracked 
|  20|0x0000000707400000, 0x0000000707400000, 0x0000000707600000|  0%| F|  |TAMS 0x0000000707400000, 0x0000000707400000| Untracked 
|  21|0x0000000707600000, 0x0000000707600000, 0x0000000707800000|  0%| F|  |TAMS 0x0000000707600000, 0x0000000707600000| Untracked 
|  22|0x0000000707800000, 0x0000000707800000, 0x0000000707a00000|  0%| F|  |TAMS 0x0000000707800000, 0x0000000707800000| Untracked 
|  23|0x0000000707a00000, 0x0000000707a00000, 0x0000000707c00000|  0%| F|  |TAMS 0x0000000707a00000, 0x0000000707a00000| Untracked 
|  24|0x0000000707c00000, 0x0000000707c00000, 0x0000000707e00000|  0%| F|  |TAMS 0x0000000707c00000, 0x0000000707c00000| Untracked 
|  25|0x0000000707e00000, 0x0000000707e00000, 0x0000000708000000|  0%| F|  |TAMS 0x0000000707e00000, 0x0000000707e00000| Untracked 
|  26|0x0000000708000000, 0x0000000708000000, 0x0000000708200000|  0%| F|  |TAMS 0x0000000708000000, 0x0000000708000000| Untracked 
|  27|0x0000000708200000, 0x0000000708200000, 0x0000000708400000|  0%| F|  |TAMS 0x0000000708200000, 0x0000000708200000| Untracked 
|  28|0x0000000708400000, 0x0000000708400000, 0x0000000708600000|  0%| F|  |TAMS 0x0000000708400000, 0x0000000708400000| Untracked 
|  29|0x0000000708600000, 0x0000000708600000, 0x0000000708800000|  0%| F|  |TAMS 0x0000000708600000, 0x0000000708600000| Untracked 
|  30|0x0000000708800000, 0x0000000708800000, 0x0000000708a00000|  0%| F|  |TAMS 0x0000000708800000, 0x0000000708800000| Untracked 
|  31|0x0000000708a00000, 0x0000000708a00000, 0x0000000708c00000|  0%| F|  |TAMS 0x0000000708a00000, 0x0000000708a00000| Untracked 
|  32|0x0000000708c00000, 0x0000000708c00000, 0x0000000708e00000|  0%| F|  |TAMS 0x0000000708c00000, 0x0000000708c00000| Untracked 
|  33|0x0000000708e00000, 0x0000000708e00000, 0x0000000709000000|  0%| F|  |TAMS 0x0000000708e00000, 0x0000000708e00000| Untracked 
|  34|0x0000000709000000, 0x0000000709000000, 0x0000000709200000|  0%| F|  |TAMS 0x0000000709000000, 0x0000000709000000| Untracked 
|  35|0x0000000709200000, 0x0000000709200000, 0x0000000709400000|  0%| F|  |TAMS 0x0000000709200000, 0x0000000709200000| Untracked 
|  36|0x0000000709400000, 0x0000000709400000, 0x0000000709600000|  0%| F|  |TAMS 0x0000000709400000, 0x0000000709400000| Untracked 
|  37|0x0000000709600000, 0x0000000709600000, 0x0000000709800000|  0%| F|  |TAMS 0x0000000709600000, 0x0000000709600000| Untracked 
|  38|0x0000000709800000, 0x0000000709800000, 0x0000000709a00000|  0%| F|  |TAMS 0x0000000709800000, 0x0000000709800000| Untracked 
|  39|0x0000000709a00000, 0x0000000709a00000, 0x0000000709c00000|  0%| F|  |TAMS 0x0000000709a00000, 0x0000000709a00000| Untracked 
|  40|0x0000000709c00000, 0x0000000709c00000, 0x0000000709e00000|  0%| F|  |TAMS 0x0000000709c00000, 0x0000000709c00000| Untracked 
|  41|0x0000000709e00000, 0x0000000709e00000, 0x000000070a000000|  0%| F|  |TAMS 0x0000000709e00000, 0x0000000709e00000| Untracked 
|  42|0x000000070a000000, 0x000000070a000000, 0x000000070a200000|  0%| F|  |TAMS 0x000000070a000000, 0x000000070a000000| Untracked 
|  43|0x000000070a200000, 0x000000070a200000, 0x000000070a400000|  0%| F|  |TAMS 0x000000070a200000, 0x000000070a200000| Untracked 
|  44|0x000000070a400000, 0x000000070a400000, 0x000000070a600000|  0%| F|  |TAMS 0x000000070a400000, 0x000000070a400000| Untracked 
|  45|0x000000070a600000, 0x000000070a600000, 0x000000070a800000|  0%| F|  |TAMS 0x000000070a600000, 0x000000070a600000| Untracked 
|  46|0x000000070a800000, 0x000000070a800000, 0x000000070aa00000|  0%| F|  |TAMS 0x000000070a800000, 0x000000070a800000| Untracked 
|  47|0x000000070aa00000, 0x000000070aa00000, 0x000000070ac00000|  0%| F|  |TAMS 0x000000070aa00000, 0x000000070aa00000| Untracked 
|  48|0x000000070ac00000, 0x000000070ac00000, 0x000000070ae00000|  0%| F|  |TAMS 0x000000070ac00000, 0x000000070ac00000| Untracked 
|  49|0x000000070ae00000, 0x000000070ae00000, 0x000000070b000000|  0%| F|  |TAMS 0x000000070ae00000, 0x000000070ae00000| Untracked 
|  50|0x000000070b000000, 0x000000070b000000, 0x000000070b200000|  0%| F|  |TAMS 0x000000070b000000, 0x000000070b000000| Untracked 
|  51|0x000000070b200000, 0x000000070b200000, 0x000000070b400000|  0%| F|  |TAMS 0x000000070b200000, 0x000000070b200000| Untracked 
|  52|0x000000070b400000, 0x000000070b400000, 0x000000070b600000|  0%| F|  |TAMS 0x000000070b400000, 0x000000070b400000| Untracked 
|  53|0x000000070b600000, 0x000000070b600000, 0x000000070b800000|  0%| F|  |TAMS 0x000000070b600000, 0x000000070b600000| Untracked 
|  54|0x000000070b800000, 0x000000070b800000, 0x000000070ba00000|  0%| F|  |TAMS 0x000000070b800000, 0x000000070b800000| Untracked 
|  55|0x000000070ba00000, 0x000000070ba00000, 0x000000070bc00000|  0%| F|  |TAMS 0x000000070ba00000, 0x000000070ba00000| Untracked 
|  56|0x000000070bc00000, 0x000000070bc00000, 0x000000070be00000|  0%| F|  |TAMS 0x000000070bc00000, 0x000000070bc00000| Untracked 
|  57|0x000000070be00000, 0x000000070be00000, 0x000000070c000000|  0%| F|  |TAMS 0x000000070be00000, 0x000000070be00000| Untracked 
|  58|0x000000070c000000, 0x000000070c000000, 0x000000070c200000|  0%| F|  |TAMS 0x000000070c000000, 0x000000070c000000| Untracked 
|  59|0x000000070c200000, 0x000000070c200000, 0x000000070c400000|  0%| F|  |TAMS 0x000000070c200000, 0x000000070c200000| Untracked 
|  60|0x000000070c400000, 0x000000070c400000, 0x000000070c600000|  0%| F|  |TAMS 0x000000070c400000, 0x000000070c400000| Untracked 
|  61|0x000000070c600000, 0x000000070c600000, 0x000000070c800000|  0%| F|  |TAMS 0x000000070c600000, 0x000000070c600000| Untracked 
|  62|0x000000070c800000, 0x000000070c800000, 0x000000070ca00000|  0%| F|  |TAMS 0x000000070c800000, 0x000000070c800000| Untracked 
|  63|0x000000070ca00000, 0x000000070ca00000, 0x000000070cc00000|  0%| F|  |TAMS 0x000000070ca00000, 0x000000070ca00000| Untracked 
|  64|0x000000070cc00000, 0x000000070cc00000, 0x000000070ce00000|  0%| F|  |TAMS 0x000000070cc00000, 0x000000070cc00000| Untracked 
|  65|0x000000070ce00000, 0x000000070ce00000, 0x000000070d000000|  0%| F|  |TAMS 0x000000070ce00000, 0x000000070ce00000| Untracked 
|  66|0x000000070d000000, 0x000000070d000000, 0x000000070d200000|  0%| F|  |TAMS 0x000000070d000000, 0x000000070d000000| Untracked 
|  67|0x000000070d200000, 0x000000070d200000, 0x000000070d400000|  0%| F|  |TAMS 0x000000070d200000, 0x000000070d200000| Untracked 
|  68|0x000000070d400000, 0x000000070d400000, 0x000000070d600000|  0%| F|  |TAMS 0x000000070d400000, 0x000000070d400000| Untracked 
|  69|0x000000070d600000, 0x000000070d600000, 0x000000070d800000|  0%| F|  |TAMS 0x000000070d600000, 0x000000070d600000| Untracked 
|  70|0x000000070d800000, 0x000000070d800000, 0x000000070da00000|  0%| F|  |TAMS 0x000000070d800000, 0x000000070d800000| Untracked 
|  75|0x000000070e200000, 0x000000070e200000, 0x000000070e400000|  0%| F|  |TAMS 0x000000070e200000, 0x000000070e200000| Untracked 
|  76|0x000000070e400000, 0x000000070e400000, 0x000000070e600000|  0%| F|  |TAMS 0x000000070e400000, 0x000000070e400000| Untracked 
|  77|0x000000070e600000, 0x000000070e71f228, 0x000000070e800000| 56%| S|CS|TAMS 0x000000070e600000, 0x000000070e600000| Complete 
|  78|0x000000070e800000, 0x000000070e800000, 0x000000070ea00000|  0%| F|  |TAMS 0x000000070e800000, 0x000000070e800000| Untracked 
|  79|0x000000070ea00000, 0x000000070ec00000, 0x000000070ec00000|100%| E|  |TAMS 0x000000070ea00000, 0x000000070ea00000| Complete 
| 125|0x0000000714600000, 0x0000000714800000, 0x0000000714800000|100%| E|CS|TAMS 0x0000000714600000, 0x0000000714600000| Complete 
|2009|0x00000007ffe00000, 0x0000000800000000, 0x0000000800000000|100%| O|  |TAMS 0x0000000800000000, 0x00000007ffe00000| Untracked 

Card table byte_map: [0x000001f66e4d0000,0x000001f66ecb0000] _byte_map_base: 0x000001f66acaa000

Marking Bits (Prev, Next): (CMBitMap*) 0x000001f656c11c50, (CMBitMap*) 0x000001f656c11c90
 Prev Bits: [0x000001f66f490000, 0x000001f673360000)
 Next Bits: [0x000001f673360000, 0x000001f677230000)

Polling page: 0x000001f654b60000

Metaspace:

Usage:
  Non-class:     25.85 MB used.
      Class:      4.11 MB used.
       Both:     29.96 MB used.

Virtual space:
  Non-class space:       64.00 MB reserved,      26.00 MB ( 41%) committed,  1 nodes.
      Class space:        1.00 GB reserved,       4.25 MB ( <1%) committed,  1 nodes.
             Both:        1.06 GB reserved,      30.25 MB (  3%) committed. 

Chunk freelists:
   Non-Class:  5.64 MB
       Class:  11.77 MB
        Both:  17.41 MB

MaxMetaspaceSize: unlimited
CompressedClassSpaceSize: 1.00 GB
Initial GC threshold: 21.00 MB
Current GC threshold: 49.94 MB
CDS: on
MetaspaceReclaimPolicy: balanced
 - commit_granule_bytes: 65536.
 - commit_granule_words: 8192.
 - virtual_space_node_default_size: 8388608.
 - enlarge_chunks_in_place: 1.
 - new_chunks_are_fully_committed: 0.
 - uncommit_free_chunks: 1.
 - use_allocation_guard: 0.
 - handle_deallocations: 1.


Internal statistics:

num_allocs_failed_limit: 3.
num_arena_births: 308.
num_arena_deaths: 0.
num_vsnodes_births: 2.
num_vsnodes_deaths: 0.
num_space_committed: 484.
num_space_uncommitted: 0.
num_chunks_returned_to_freelist: 3.
num_chunks_taken_from_freelist: 1399.
num_chunk_merges: 3.
num_chunk_splits: 1007.
num_chunks_enlarged: 805.
num_inconsistent_stats: 0.

CodeHeap 'non-profiled nmethods': size=119168Kb used=2925Kb max_used=3037Kb free=116242Kb
 bounds [0x000001f666000000, 0x000001f666300000, 0x000001f66d460000]
CodeHeap 'profiled nmethods': size=119104Kb used=12387Kb max_used=13178Kb free=106716Kb
 bounds [0x000001f65e460000, 0x000001f65f140000, 0x000001f6658b0000]
CodeHeap 'non-nmethods': size=7488Kb used=1475Kb max_used=3207Kb free=6012Kb
 bounds [0x000001f6658b0000, 0x000001f665be0000, 0x000001f666000000]
 total_blobs=6922 nmethods=6073 adapters=761
 compilation: enabled
              stopped_count=0, restarted_count=0
 full_count=0

Compilation events (20 events):
Event: 56.207 Thread 0x000001f67a30d8f0 nmethod 6853 0x000001f6660fa190 code [0x000001f6660fa300, 0x000001f6660fa378]
Event: 56.208 Thread 0x000001f67a30d8f0 6854       4       sun.nio.cs.SingleByte$Encoder::encodeArrayLoop (280 bytes)
Event: 56.209 Thread 0x000001f67a30ea50 6856       3       java.io.PrintStream::print (9 bytes)
Event: 56.209 Thread 0x000001f67a30ea50 nmethod 6856 0x000001f65e54de10 code [0x000001f65e54dfc0, 0x000001f65e54e298]
Event: 56.214 Thread 0x000001f67a30d8f0 nmethod 6854 0x000001f6660b0b10 code [0x000001f6660b0cc0, 0x000001f6660b12f8]
Event: 56.215 Thread 0x000001f67a30d8f0 6855       4       java.io.FilterOutputStream::write (51 bytes)
Event: 56.217 Thread 0x000001f67a30d8f0 nmethod 6855 0x000001f6660f9d10 code [0x000001f6660f9ea0, 0x000001f6660fa028]
Event: 56.221 Thread 0x000001f67a30ea50 6857       1       com.sun.javafx.tk.quantum.ViewScene::getPlatformView (5 bytes)
Event: 56.221 Thread 0x000001f67a30ea50 nmethod 6857 0x000001f6660f9790 code [0x000001f6660f9920, 0x000001f6660f99f8]
Event: 56.225 Thread 0x000001f67a30ea50 6858       3       java.lang.System::lineSeparator (4 bytes)
Event: 56.225 Thread 0x000001f67a30ea50 nmethod 6858 0x000001f65e7c8590 code [0x000001f65e7c8720, 0x000001f65e7c8818]
Event: 56.226 Thread 0x000001f67a30d8f0 6859   !   4       java.lang.String::<init> (845 bytes)
Event: 56.228 Thread 0x000001f67a30ea50 6860       3       java.lang.String::format (16 bytes)
Event: 56.228 Thread 0x000001f67a30ea50 nmethod 6860 0x000001f65e4ce090 code [0x000001f65e4ce2c0, 0x000001f65e4cea68]
Event: 56.228 Thread 0x000001f67a30ea50 6861       3       java.util.Formatter::parse (216 bytes)
Event: 56.231 Thread 0x000001f67a30ea50 nmethod 6861 0x000001f65eb5ab90 code [0x000001f65eb5b080, 0x000001f65eb5dd88]
Event: 56.231 Thread 0x000001f67a30ea50 6862   !   3       java.io.PrintStream::newLine (73 bytes)
Event: 56.232 Thread 0x000001f67a30ea50 nmethod 6862 0x000001f65e8c1590 code [0x000001f65e8c1800, 0x000001f65e8c2278]
Event: 56.232 Thread 0x000001f67a30ea50 6863       3       java.io.BufferedWriter::newLine (8 bytes)
Event: 56.232 Thread 0x000001f67a30ea50 nmethod 6863 0x000001f65e8c0e90 code [0x000001f65e8c1060, 0x000001f65e8c1408]

GC Heap History (16 events):
Event: 0.446 GC heap before
{Heap before GC invocations=0 (full 0):
 garbage-first heap   total 258048K, used 22528K [0x0000000704c00000, 0x0000000800000000)
  region size 2048K, 11 young (22528K), 0 survivors (0K)
 Metaspace       used 5476K, committed 5696K, reserved 1114112K
  class space    used 655K, committed 768K, reserved 1048576K
}
Event: 0.449 GC heap after
{Heap after GC invocations=1 (full 0):
 garbage-first heap   total 258048K, used 4025K [0x0000000704c00000, 0x0000000800000000)
  region size 2048K, 2 young (4096K), 2 survivors (4096K)
 Metaspace       used 5476K, committed 5696K, reserved 1114112K
  class space    used 655K, committed 768K, reserved 1048576K
}
Event: 0.945 GC heap before
{Heap before GC invocations=1 (full 0):
 garbage-first heap   total 258048K, used 36793K [0x0000000704c00000, 0x0000000800000000)
  region size 2048K, 18 young (36864K), 2 survivors (4096K)
 Metaspace       used 9989K, committed 10176K, reserved 1114112K
  class space    used 1217K, committed 1280K, reserved 1048576K
}
Event: 0.949 GC heap after
{Heap after GC invocations=2 (full 0):
 garbage-first heap   total 258048K, used 5445K [0x0000000704c00000, 0x0000000800000000)
  region size 2048K, 1 young (2048K), 1 survivors (2048K)
 Metaspace       used 9989K, committed 10176K, reserved 1114112K
  class space    used 1217K, committed 1280K, reserved 1048576K
}
Event: 2.303 GC heap before
{Heap before GC invocations=2 (full 0):
 garbage-first heap   total 258048K, used 95557K [0x0000000704c00000, 0x0000000800000000)
  region size 2048K, 46 young (94208K), 1 survivors (2048K)
 Metaspace       used 21257K, committed 21504K, reserved 1114112K
  class space    used 2651K, committed 2752K, reserved 1048576K
}
Event: 2.308 GC heap after
{Heap after GC invocations=3 (full 0):
 garbage-first heap   total 258048K, used 12895K [0x0000000704c00000, 0x0000000800000000)
  region size 2048K, 5 young (10240K), 5 survivors (10240K)
 Metaspace       used 21257K, committed 21504K, reserved 1114112K
  class space    used 2651K, committed 2752K, reserved 1048576K
}
Event: 2.622 GC heap before
{Heap before GC invocations=4 (full 0):
 garbage-first heap   total 55296K, used 33375K [0x0000000704c00000, 0x0000000800000000)
  region size 2048K, 16 young (32768K), 5 survivors (10240K)
 Metaspace       used 24237K, committed 24512K, reserved 1114112K
  class space    used 3219K, committed 3328K, reserved 1048576K
}
Event: 2.629 GC heap after
{Heap after GC invocations=5 (full 0):
 garbage-first heap   total 57344K, used 22122K [0x0000000704c00000, 0x0000000800000000)
  region size 2048K, 2 young (4096K), 2 survivors (4096K)
 Metaspace       used 24237K, committed 24512K, reserved 1114112K
  class space    used 3219K, committed 3328K, reserved 1048576K
}
Event: 2.718 GC heap before
{Heap before GC invocations=5 (full 0):
 garbage-first heap   total 57344K, used 24170K [0x0000000704c00000, 0x0000000800000000)
  region size 2048K, 3 young (6144K), 2 survivors (4096K)
 Metaspace       used 24884K, committed 25088K, reserved 1114112K
  class space    used 3299K, committed 3392K, reserved 1048576K
}
Event: 2.721 GC heap after
{Heap after GC invocations=6 (full 0):
 garbage-first heap   total 57344K, used 22250K [0x0000000704c00000, 0x0000000800000000)
  region size 2048K, 1 young (2048K), 1 survivors (2048K)
 Metaspace       used 24884K, committed 25088K, reserved 1114112K
  class space    used 3299K, committed 3392K, reserved 1048576K
}
Event: 10.420 GC heap before
{Heap before GC invocations=6 (full 0):
 garbage-first heap   total 57344K, used 36586K [0x0000000704c00000, 0x0000000800000000)
  region size 2048K, 8 young (16384K), 1 survivors (2048K)
 Metaspace       used 28462K, committed 28800K, reserved 1114112K
  class space    used 3965K, committed 4096K, reserved 1048576K
}
Event: 10.422 GC heap after
{Heap after GC invocations=7 (full 0):
 garbage-first heap   total 57344K, used 26913K [0x0000000704c00000, 0x0000000800000000)
  region size 2048K, 1 young (2048K), 1 survivors (2048K)
 Metaspace       used 28462K, committed 28800K, reserved 1114112K
  class space    used 3965K, committed 4096K, reserved 1048576K
}
Event: 26.270 GC heap before
{Heap before GC invocations=7 (full 0):
 garbage-first heap   total 57344K, used 37153K [0x0000000704c00000, 0x0000000800000000)
  region size 2048K, 7 young (14336K), 1 survivors (2048K)
 Metaspace       used 30282K, committed 30656K, reserved 1114112K
  class space    used 4185K, committed 4352K, reserved 1048576K
}
Event: 26.274 GC heap after
{Heap after GC invocations=8 (full 0):
 garbage-first heap   total 57344K, used 33414K [0x0000000704c00000, 0x0000000800000000)
  region size 2048K, 1 young (2048K), 1 survivors (2048K)
 Metaspace       used 30282K, committed 30656K, reserved 1114112K
  class space    used 4185K, committed 4352K, reserved 1048576K
}
Event: 40.357 GC heap before
{Heap before GC invocations=9 (full 0):
 garbage-first heap   total 61440K, used 37510K [0x0000000704c00000, 0x0000000800000000)
  region size 2048K, 4 young (8192K), 1 survivors (2048K)
 Metaspace       used 30450K, committed 30784K, reserved 1114112K
  class space    used 4196K, committed 4352K, reserved 1048576K
}
Event: 40.362 GC heap after
{Heap after GC invocations=10 (full 0):
 garbage-first heap   total 159744K, used 33381K [0x0000000704c00000, 0x0000000800000000)
  region size 2048K, 1 young (2048K), 1 survivors (2048K)
 Metaspace       used 30450K, committed 30784K, reserved 1114112K
  class space    used 4196K, committed 4352K, reserved 1048576K
}

Deoptimization events (20 events):
Event: 53.691 Thread 0x000001f641d6bd80 Uncommon trap: trap_request=0xffffffd6 fr.pc=0x000001f6660dcea0 relative=0x0000000000002800
Event: 53.691 Thread 0x000001f641d6bd80 Uncommon trap: reason=array_check action=maybe_recompile pc=0x000001f6660dcea0 method=javafx.css.SimpleSelector.applies(Ljavafx/css/Styleable;[Ljava/util/Set;I)Z @ 37 c2
Event: 53.691 Thread 0x000001f641d6bd80 DEOPT PACKING pc=0x000001f6660dcea0 sp=0x000000be038fa850
Event: 53.691 Thread 0x000001f641d6bd80 DEOPT UNPACKING pc=0x000001f6659023a3 sp=0x000000be038fa7f0 mode 2
Event: 53.691 Thread 0x000001f641d6bd80 Uncommon trap: trap_request=0xffffffd6 fr.pc=0x000001f6660dcea0 relative=0x0000000000002800
Event: 53.691 Thread 0x000001f641d6bd80 Uncommon trap: reason=array_check action=maybe_recompile pc=0x000001f6660dcea0 method=javafx.css.SimpleSelector.applies(Ljavafx/css/Styleable;[Ljava/util/Set;I)Z @ 37 c2
Event: 53.691 Thread 0x000001f641d6bd80 DEOPT PACKING pc=0x000001f6660dcea0 sp=0x000000be038fa850
Event: 53.691 Thread 0x000001f641d6bd80 DEOPT UNPACKING pc=0x000001f6659023a3 sp=0x000000be038fa7f0 mode 2
Event: 53.710 Thread 0x000001f641d6bd80 Uncommon trap: trap_request=0xffffffc6 fr.pc=0x000001f66623b008 relative=0x00000000000001a8
Event: 53.710 Thread 0x000001f641d6bd80 Uncommon trap: reason=bimorphic_or_optimized_type_check action=maybe_recompile pc=0x000001f66623b008 method=java.security.DigestInputStream.read([BII)I @ 7 c2
Event: 53.710 Thread 0x000001f641d6bd80 DEOPT PACKING pc=0x000001f66623b008 sp=0x000000be038fa970
Event: 53.710 Thread 0x000001f641d6bd80 DEOPT UNPACKING pc=0x000001f6659023a3 sp=0x000000be038fa888 mode 2
Event: 53.710 Thread 0x000001f641d6bd80 Uncommon trap: trap_request=0xffffffc6 fr.pc=0x000001f66623b008 relative=0x00000000000001a8
Event: 53.710 Thread 0x000001f641d6bd80 Uncommon trap: reason=bimorphic_or_optimized_type_check action=maybe_recompile pc=0x000001f66623b008 method=java.security.DigestInputStream.read([BII)I @ 7 c2
Event: 53.710 Thread 0x000001f641d6bd80 DEOPT PACKING pc=0x000001f66623b008 sp=0x000000be038fa970
Event: 53.710 Thread 0x000001f641d6bd80 DEOPT UNPACKING pc=0x000001f6659023a3 sp=0x000000be038fa888 mode 2
Event: 53.711 Thread 0x000001f641d6bd80 Uncommon trap: trap_request=0xffffffde fr.pc=0x000001f6660758fc relative=0x0000000000000b3c
Event: 53.711 Thread 0x000001f641d6bd80 Uncommon trap: reason=class_check action=maybe_recompile pc=0x000001f6660758fc method=javafx.scene.CssStyleHelper.lookup(Ljavafx/css/Styleable;Ljavafx/css/CssMetaData;Lcom/sun/javafx/css/StyleMap;Ljava/util/Set;Ljavafx/css/Styleable;Lcom/sun/javafx/css/Ca
Event: 53.711 Thread 0x000001f641d6bd80 DEOPT PACKING pc=0x000001f6660758fc sp=0x000000be038faca0
Event: 53.711 Thread 0x000001f641d6bd80 DEOPT UNPACKING pc=0x000001f6659023a3 sp=0x000000be038fac28 mode 2

Classes unloaded (0 events):
No events

Classes redefined (0 events):
No events

Internal exceptions (20 events):
Event: 2.734 Thread 0x000001f641d6bd80 Exception <a 'java/lang/NoSuchMethodError'{0x00000007146df698}: 'java.lang.Object java.lang.invoke.DirectMethodHandle$Holder.invokeInterface(java.lang.Object, java.lang.Object, java.lang.Object)'> (0x00000007146df698) 
thrown [s\open\src\hotspot\share\interpreter\linkResolver.cpp, line 759]
Event: 2.735 Thread 0x000001f641d6bd80 Exception <a 'java/lang/IncompatibleClassChangeError'{0x00000007146e2d60}: Found class java.lang.Object, but interface was expected> (0x00000007146e2d60) 
thrown [s\open\src\hotspot\share\interpreter\linkResolver.cpp, line 826]
Event: 2.770 Thread 0x000001f641d6bd80 Exception <a 'java/lang/NoSuchMethodError'{0x000000070e904df0}: 'java.lang.Object java.lang.invoke.DirectMethodHandle$Holder.newInvokeSpecial(java.lang.Object, java.lang.Object, int)'> (0x000000070e904df0) 
thrown [s\open\src\hotspot\share\interpreter\linkResolver.cpp, line 759]
Event: 10.261 Thread 0x000001f641d6bd80 Exception <a 'java/lang/NoSuchMethodError'{0x000000070e512ac8}: 'long java.lang.invoke.DirectMethodHandle$Holder.invokeStatic(java.lang.Object, java.lang.Object, java.lang.Object)'> (0x000000070e512ac8) 
thrown [s\open\src\hotspot\share\interpreter\linkResolver.cpp, line 759]
Event: 10.261 Thread 0x000001f641d6bd80 Exception <a 'java/lang/NoSuchMethodError'{0x000000070e516270}: 'long java.lang.invoke.DirectMethodHandle$Holder.invokeStaticInit(java.lang.Object, java.lang.Object, java.lang.Object)'> (0x000000070e516270) 
thrown [s\open\src\hotspot\share\interpreter\linkResolver.cpp, line 759]
Event: 10.261 Thread 0x000001f641d6bd80 Exception <a 'java/lang/NoSuchMethodError'{0x000000070e52e0f0}: 'java.lang.Object java.lang.invoke.DirectMethodHandle$Holder.newInvokeSpecial(java.lang.Object, java.lang.Object, long)'> (0x000000070e52e0f0) 
thrown [s\open\src\hotspot\share\interpreter\linkResolver.cpp, line 759]
Event: 10.262 Thread 0x000001f641d6bd80 Exception <a 'java/lang/NoSuchMethodError'{0x000000070e531c60}: 'java.lang.Object java.lang.invoke.Invokers$Holder.linkToTargetMethod(java.lang.Object, long, java.lang.Object)'> (0x000000070e531c60) 
thrown [s\open\src\hotspot\share\interpreter\linkResolver.cpp, line 759]
Event: 10.332 Thread 0x000001f641d6bd80 Exception <a 'java/lang/ClassNotFoundException'{0x000000070e296a58}: com/sun/javafx/scene/control/skin/resources/controls> (0x000000070e296a58) 
thrown [s\open\src\hotspot\share\prims\jni.cpp, line 535]
Event: 10.332 Thread 0x000001f641d6bd80 Exception <a 'java/lang/ClassNotFoundException'{0x000000070e2a8150}: com/sun/javafx/scene/control/skin/resources/controls_en> (0x000000070e2a8150) 
thrown [s\open\src\hotspot\share\prims\jni.cpp, line 535]
Event: 10.333 Thread 0x000001f641d6bd80 Exception <a 'java/lang/ClassNotFoundException'{0x000000070e2ab250}: com/sun/javafx/scene/control/skin/resources/controls_en_US> (0x000000070e2ab250) 
thrown [s\open\src\hotspot\share\prims\jni.cpp, line 535]
Event: 10.478 Thread 0x000001f641d6bd80 Exception <a 'java/lang/NoSuchMethodError'{0x000000070eac5648}: 'void java.lang.invoke.DirectMethodHandle$Holder.invokeSpecial(java.lang.Object, java.lang.Object, int, int)'> (0x000000070eac5648) 
thrown [s\open\src\hotspot\share\interpreter\linkResolver.cpp, line 759]
Event: 10.479 Thread 0x000001f641d6bd80 Exception <a 'java/lang/NoSuchMethodError'{0x000000070eacc220}: 'java.lang.Object java.lang.invoke.DirectMethodHandle$Holder.newInvokeSpecial(java.lang.Object, java.lang.Object, int, int)'> (0x000000070eacc220) 
thrown [s\open\src\hotspot\share\interpreter\linkResolver.cpp, line 759]
Event: 10.479 Thread 0x000001f641d6bd80 Exception <a 'java/lang/NoSuchMethodError'{0x000000070ead3b90}: 'java.lang.Object java.lang.invoke.Invokers$Holder.linkToTargetMethod(java.lang.Object, int, int, java.lang.Object)'> (0x000000070ead3b90) 
thrown [s\open\src\hotspot\share\interpreter\linkResolver.cpp, line 759]
Event: 23.799 Thread 0x000001f641d6bd80 Exception <a 'java/lang/NoSuchMethodError'{0x000000070e6594a0}: 'java.lang.Object java.lang.invoke.DirectMethodHandle$Holder.newInvokeSpecial(java.lang.Object, java.lang.Object, java.lang.Object, java.lang.Object, java.lang.Object, java.lang.Object, java.lang.Object, java.lang.Object, java.lang.Object, java.lang.Object, java.lang.Object, java.lang.Object, java.lang.Object)'> (0x000000070e6594a0) 
thrown [s\open\src\hotspot\share\interpreter\linkResolver.cpp, line 759]
Event: 23.799 Thread 0x000001f641d6bd80 Exception <a 'java/lang/NoSuchMethodError'{0x000000070e65e820}: 'java.lang.Object java.lang.invoke.DirectMethodHandle$Holder.invokeSpecial(java.lang.Object, java.lang.Object, java.lang.Object, java.lang.Object, java.lang.Object, java.lang.Object, java.lang.Object, java.lang.Object, java.lang.Object, java.lang.Object, java.lang.Object, java.lang.Object, java.lang.Object, java.lang.Object)'> (0x000000070e65e820) 
thrown [s\open\src\hotspot\share\interpreter\linkResolver.cpp, line 759]
Event: 23.799 Thread 0x000001f641d6bd80 Exception <a 'java/lang/NoSuchMethodError'{0x000000070e66e1f8}: 'java.lang.Object java.lang.invoke.Invokers$Holder.linkToTargetMethod(java.lang.Object, java.lang.Object, java.lang.Object, java.lang.Object, java.lang.Object, java.lang.Object, java.lang.Object, java.lang.Object, java.lang.Object, java.lang.Object, java.lang.Object, java.lang.Object, java.lang.Object)'> (0x000000070e66e1f8) 
thrown [s\open\src\hotspot\share\interpreter\linkResolver.cpp, line 759]
Event: 26.311 Thread 0x000001f641d6bd80 Exception <a 'java/lang/NoSuchMethodError'{0x000000070ea50d10}: 'java.lang.Object java.lang.invoke.DirectMethodHandle$Holder.newInvokeSpecial(java.lang.Object, java.lang.Object, java.lang.Object, java.lang.Object, java.lang.Object, java.lang.Object, java.lang.Object, java.lang.Object)'> (0x000000070ea50d10) 
thrown [s\open\src\hotspot\share\interpreter\linkResolver.cpp, line 759]
Event: 26.311 Thread 0x000001f641d6bd80 Exception <a 'java/lang/NoSuchMethodError'{0x000000070ea55530}: 'java.lang.Object java.lang.invoke.DirectMethodHandle$Holder.invokeSpecial(java.lang.Object, java.lang.Object, java.lang.Object, java.lang.Object, java.lang.Object, java.lang.Object, java.lang.Object, java.lang.Object, java.lang.Object)'> (0x000000070ea55530) 
thrown [s\open\src\hotspot\share\interpreter\linkResolver.cpp, line 759]
Event: 26.311 Thread 0x000001f641d6bd80 Exception <a 'java/lang/NoSuchMethodError'{0x000000070ea5a0e8}: 'java.lang.Object java.lang.invoke.Invokers$Holder.linkToTargetMethod(java.lang.Object, java.lang.Object, java.lang.Object, java.lang.Object, java.lang.Object, java.lang.Object, java.lang.Object, java.lang.Object)'> (0x000000070ea5a0e8) 
thrown [s\open\src\hotspot\share\interpreter\linkResolver.cpp, line 759]
Event: 53.709 Thread 0x000001f641d6bd80 Exception <a 'java/io/FileNotFoundException'{0x000000070ea0de40}> (0x000000070ea0de40) 
thrown [s\open\src\hotspot\share\prims\jni.cpp, line 516]

VM Operations (20 events):
Event: 33.294 Executing VM operation: Cleanup
Event: 33.294 Executing VM operation: Cleanup done
Event: 35.295 Executing VM operation: Cleanup
Event: 35.295 Executing VM operation: Cleanup done
Event: 37.295 Executing VM operation: Cleanup
Event: 37.296 Executing VM operation: Cleanup done
Event: 39.296 Executing VM operation: Cleanup
Event: 39.296 Executing VM operation: Cleanup done
Event: 40.357 Executing VM operation: G1CollectForAllocation
Event: 40.362 Executing VM operation: G1CollectForAllocation done
Event: 42.363 Executing VM operation: Cleanup
Event: 42.363 Executing VM operation: Cleanup done
Event: 48.366 Executing VM operation: Cleanup
Event: 48.366 Executing VM operation: Cleanup done
Event: 51.366 Executing VM operation: Cleanup
Event: 51.367 Executing VM operation: Cleanup done
Event: 53.367 Executing VM operation: Cleanup
Event: 53.368 Executing VM operation: Cleanup done
Event: 55.368 Executing VM operation: Cleanup
Event: 55.369 Executing VM operation: Cleanup done

Events (20 events):
Event: 21.349 Thread 0x000001f67a316ac0 flushing nmethod 0x000001f65efa8690
Event: 21.349 Thread 0x000001f67a316ac0 flushing nmethod 0x000001f65efa9a10
Event: 21.349 Thread 0x000001f67a316ac0 flushing nmethod 0x000001f65efbc710
Event: 21.349 Thread 0x000001f67a316ac0 flushing nmethod 0x000001f65efbf310
Event: 21.349 Thread 0x000001f67a316ac0 flushing nmethod 0x000001f65efc7090
Event: 21.349 Thread 0x000001f67a316ac0 flushing nmethod 0x000001f65efc7610
Event: 21.349 Thread 0x000001f67a316ac0 flushing nmethod 0x000001f65efcb610
Event: 21.349 Thread 0x000001f67a316ac0 flushing nmethod 0x000001f65efd0990
Event: 21.350 Thread 0x000001f67a316ac0 flushing nmethod 0x000001f65efee710
Event: 21.350 Thread 0x000001f67a316ac0 flushing nmethod 0x000001f65f0ac690
Event: 21.350 Thread 0x000001f67a316ac0 flushing nmethod 0x000001f65f0adb10
Event: 21.350 Thread 0x000001f67a316ac0 flushing nmethod 0x000001f65f0ba390
Event: 27.318 Thread 0x000001f67ad9bf60 Thread exited: 0x000001f67ad9bf60
Event: 27.318 Thread 0x000001f67ad9ba10 Thread exited: 0x000001f67ad9ba10
Event: 29.324 Thread 0x000001f67a3440c0 Thread added: 0x000001f67a3440c0
Event: 30.329 Thread 0x000001f67a3440c0 Thread exited: 0x000001f67a3440c0
Event: 37.189 loading class java/util/DualPivotQuicksort
Event: 37.189 loading class java/util/DualPivotQuicksort done
Event: 52.242 Thread 0x000001f67a3440c0 Thread added: 0x000001f67a3440c0
Event: 53.476 Thread 0x000001f67a3440c0 Thread exited: 0x000001f67a3440c0


Dynamic libraries:
0x00007ff65a600000 - 0x00007ff65a610000 	C:\Program Files\Java\jdk-17\bin\java.exe
0x00007fff610d0000 - 0x00007fff612e7000 	C:\WINDOWS\SYSTEM32\ntdll.dll
0x00007fff60e50000 - 0x00007fff60f14000 	C:\WINDOWS\System32\KERNEL32.DLL
0x00007fff5e530000 - 0x00007fff5e8e7000 	C:\WINDOWS\System32\KERNELBASE.dll
0x00007fff5e410000 - 0x00007fff5e521000 	C:\WINDOWS\System32\ucrtbase.dll
0x00007fff3d440000 - 0x00007fff3d459000 	C:\Program Files\Java\jdk-17\bin\jli.dll
0x00007fff3caf0000 - 0x00007fff3cb0b000 	C:\Program Files\Java\jdk-17\bin\VCRUNTIME140.dll
0x00007fff5f2a0000 - 0x00007fff5f352000 	C:\WINDOWS\System32\ADVAPI32.dll
0x00007fff5f7d0000 - 0x00007fff5f877000 	C:\WINDOWS\System32\msvcrt.dll
0x00007fff60150000 - 0x00007fff601f8000 	C:\WINDOWS\System32\sechost.dll
0x00007fff5e3e0000 - 0x00007fff5e408000 	C:\WINDOWS\System32\bcrypt.dll
0x00007fff5fd00000 - 0x00007fff5fe14000 	C:\WINDOWS\System32\RPCRT4.dll
0x00007fff5f360000 - 0x00007fff5f50f000 	C:\WINDOWS\System32\USER32.dll
0x00007fff5edd0000 - 0x00007fff5edf6000 	C:\WINDOWS\System32\win32u.dll
0x00007fff36ea0000 - 0x00007fff37133000 	C:\WINDOWS\WinSxS\amd64_microsoft.windows.common-controls_6595b64144ccf1df_6.0.22621.3672_none_2713b9d173822955\COMCTL32.dll
0x00007fff5feb0000 - 0x00007fff5fed9000 	C:\WINDOWS\System32\GDI32.dll
0x00007fff5e960000 - 0x00007fff5ea78000 	C:\WINDOWS\System32\gdi32full.dll
0x00007fff5ed30000 - 0x00007fff5edca000 	C:\WINDOWS\System32\msvcp_win.dll
0x00007fff52740000 - 0x00007fff5274a000 	C:\WINDOWS\SYSTEM32\VERSION.dll
0x00007fff61050000 - 0x00007fff61081000 	C:\WINDOWS\System32\IMM32.DLL
0x00007fff43050000 - 0x00007fff4305c000 	C:\Program Files\Java\jdk-17\bin\vcruntime140_1.dll
0x00007fff3a600000 - 0x00007fff3a68e000 	C:\Program Files\Java\jdk-17\bin\msvcp140.dll
0x00007ffee6480000 - 0x00007ffee7060000 	C:\Program Files\Java\jdk-17\bin\server\jvm.dll
0x00007fff5fee0000 - 0x00007fff5fee8000 	C:\WINDOWS\System32\PSAPI.DLL
0x00007fff3bc50000 - 0x00007fff3bc59000 	C:\WINDOWS\SYSTEM32\WSOCK32.dll
0x00007fff5ee80000 - 0x00007fff5eef1000 	C:\WINDOWS\System32\WS2_32.dll
0x00007fff58aa0000 - 0x00007fff58ad4000 	C:\WINDOWS\SYSTEM32\WINMM.dll
0x00007fff5d4f0000 - 0x00007fff5d508000 	C:\WINDOWS\SYSTEM32\kernel.appcore.dll
0x00007fff41a10000 - 0x00007fff41a1a000 	C:\Program Files\Java\jdk-17\bin\jimage.dll
0x00007fff5a920000 - 0x00007fff5ab52000 	C:\WINDOWS\SYSTEM32\DBGHELP.DLL
0x00007fff60ac0000 - 0x00007fff60e4e000 	C:\WINDOWS\System32\combase.dll
0x00007fff5f0c0000 - 0x00007fff5f197000 	C:\WINDOWS\System32\OLEAUT32.dll
0x00007fff44d20000 - 0x00007fff44d52000 	C:\WINDOWS\SYSTEM32\dbgcore.DLL
0x00007fff5eb40000 - 0x00007fff5ebbb000 	C:\WINDOWS\System32\bcryptPrimitives.dll
0x00007fff3ca50000 - 0x00007fff3ca75000 	C:\Program Files\Java\jdk-17\bin\java.dll
0x00007fff39930000 - 0x00007fff39a07000 	C:\Program Files\Java\jdk-17\bin\jsvml.dll
0x00007fff60200000 - 0x00007fff60a69000 	C:\WINDOWS\System32\SHELL32.dll
0x00007fff5c310000 - 0x00007fff5cc0f000 	C:\WINDOWS\SYSTEM32\windows.storage.dll
0x00007fff5c1d0000 - 0x00007fff5c30f000 	C:\WINDOWS\SYSTEM32\wintypes.dll
0x00007fff60050000 - 0x00007fff60149000 	C:\WINDOWS\System32\SHCORE.dll
0x00007fff5f770000 - 0x00007fff5f7ce000 	C:\WINDOWS\System32\shlwapi.dll
0x00007fff5e310000 - 0x00007fff5e337000 	C:\WINDOWS\SYSTEM32\profapi.dll
0x00007fff3c990000 - 0x00007fff3c9a9000 	C:\Program Files\Java\jdk-17\bin\net.dll
0x00007fff59ee0000 - 0x00007fff5a016000 	C:\WINDOWS\SYSTEM32\WINHTTP.dll
0x00007fff5d950000 - 0x00007fff5d9b9000 	C:\WINDOWS\system32\mswsock.dll
0x00007fff3c6f0000 - 0x00007fff3c706000 	C:\Program Files\Java\jdk-17\bin\nio.dll
0x00007fff3c6d0000 - 0x00007fff3c6e8000 	C:\Program Files\Java\jdk-17\bin\zip.dll
0x00007fff3a910000 - 0x00007fff3a934000 	C:\Program Files\apache-maven-3.9.9\lib\jansi-native\Windows\x86_64\jansi.dll
0x00007fff3e470000 - 0x00007fff3e480000 	C:\Program Files\Java\jdk-17\bin\verify.dll
0x000001f6430a0000 - 0x000001f6430a3000 	C:\Users\marti\.openjfx\cache\19.0.2.1+1\amd64\api-ms-win-core-console-l1-1-0.dll
0x000001f6430b0000 - 0x000001f6430b3000 	C:\Users\marti\.openjfx\cache\19.0.2.1+1\amd64\api-ms-win-core-console-l1-2-0.dll
0x000001f6430c0000 - 0x000001f6430c3000 	C:\Users\marti\.openjfx\cache\19.0.2.1+1\amd64\api-ms-win-core-datetime-l1-1-0.dll
0x000001f6430d0000 - 0x000001f6430d3000 	C:\Users\marti\.openjfx\cache\19.0.2.1+1\amd64\api-ms-win-core-debug-l1-1-0.dll
0x000001f6430e0000 - 0x000001f6430e3000 	C:\Users\marti\.openjfx\cache\19.0.2.1+1\amd64\api-ms-win-core-errorhandling-l1-1-0.dll
0x000001f6430f0000 - 0x000001f6430f4000 	C:\Users\marti\.openjfx\cache\19.0.2.1+1\amd64\api-ms-win-core-file-l1-1-0.dll
0x000001f643100000 - 0x000001f643103000 	C:\Users\marti\.openjfx\cache\19.0.2.1+1\amd64\api-ms-win-core-file-l1-2-0.dll
0x000001f643110000 - 0x000001f643113000 	C:\Users\marti\.openjfx\cache\19.0.2.1+1\amd64\api-ms-win-core-file-l2-1-0.dll
0x000001f643120000 - 0x000001f643123000 	C:\Users\marti\.openjfx\cache\19.0.2.1+1\amd64\api-ms-win-core-handle-l1-1-0.dll
0x000001f643130000 - 0x000001f643133000 	C:\Users\marti\.openjfx\cache\19.0.2.1+1\amd64\api-ms-win-core-heap-l1-1-0.dll
0x000001f643140000 - 0x000001f643143000 	C:\Users\marti\.openjfx\cache\19.0.2.1+1\amd64\api-ms-win-core-interlocked-l1-1-0.dll
0x000001f643150000 - 0x000001f643153000 	C:\Users\marti\.openjfx\cache\19.0.2.1+1\amd64\api-ms-win-core-libraryloader-l1-1-0.dll
0x000001f643160000 - 0x000001f643163000 	C:\Users\marti\.openjfx\cache\19.0.2.1+1\amd64\api-ms-win-core-localization-l1-2-0.dll
0x000001f6434b0000 - 0x000001f6434b3000 	C:\Users\marti\.openjfx\cache\19.0.2.1+1\amd64\api-ms-win-core-memory-l1-1-0.dll
0x000001f6434c0000 - 0x000001f6434c3000 	C:\Users\marti\.openjfx\cache\19.0.2.1+1\amd64\api-ms-win-core-namedpipe-l1-1-0.dll
0x000001f643170000 - 0x000001f643173000 	C:\Users\marti\.openjfx\cache\19.0.2.1+1\amd64\api-ms-win-core-processenvironment-l1-1-0.dll
0x000001f643180000 - 0x000001f643183000 	C:\Users\marti\.openjfx\cache\19.0.2.1+1\amd64\api-ms-win-core-processthreads-l1-1-0.dll
0x000001f643190000 - 0x000001f643193000 	C:\Users\marti\.openjfx\cache\19.0.2.1+1\amd64\api-ms-win-core-processthreads-l1-1-1.dll
0x000001f6431a0000 - 0x000001f6431a3000 	C:\Users\marti\.openjfx\cache\19.0.2.1+1\amd64\api-ms-win-core-profile-l1-1-0.dll
0x000001f6431b0000 - 0x000001f6431b3000 	C:\Users\marti\.openjfx\cache\19.0.2.1+1\amd64\api-ms-win-core-rtlsupport-l1-1-0.dll
0x000001f6431c0000 - 0x000001f6431c3000 	C:\Users\marti\.openjfx\cache\19.0.2.1+1\amd64\api-ms-win-core-string-l1-1-0.dll
0x000001f6431d0000 - 0x000001f6431d3000 	C:\Users\marti\.openjfx\cache\19.0.2.1+1\amd64\api-ms-win-core-synch-l1-1-0.dll
0x000001f6431e0000 - 0x000001f6431e3000 	C:\Users\marti\.openjfx\cache\19.0.2.1+1\amd64\api-ms-win-core-synch-l1-2-0.dll
0x000001f6431f0000 - 0x000001f6431f3000 	C:\Users\marti\.openjfx\cache\19.0.2.1+1\amd64\api-ms-win-core-sysinfo-l1-1-0.dll
0x000001f643200000 - 0x000001f643203000 	C:\Users\marti\.openjfx\cache\19.0.2.1+1\amd64\api-ms-win-core-timezone-l1-1-0.dll
0x000001f643210000 - 0x000001f643213000 	C:\Users\marti\.openjfx\cache\19.0.2.1+1\amd64\api-ms-win-core-util-l1-1-0.dll
0x000001f643220000 - 0x000001f643223000 	C:\Users\marti\.openjfx\cache\19.0.2.1+1\amd64\api-ms-win-crt-conio-l1-1-0.dll
0x000001f643230000 - 0x000001f643234000 	C:\Users\marti\.openjfx\cache\19.0.2.1+1\amd64\api-ms-win-crt-convert-l1-1-0.dll
0x000001f643240000 - 0x000001f643243000 	C:\Users\marti\.openjfx\cache\19.0.2.1+1\amd64\api-ms-win-crt-environment-l1-1-0.dll
0x000001f643250000 - 0x000001f643253000 	C:\Users\marti\.openjfx\cache\19.0.2.1+1\amd64\api-ms-win-crt-filesystem-l1-1-0.dll
0x000001f643260000 - 0x000001f643263000 	C:\Users\marti\.openjfx\cache\19.0.2.1+1\amd64\api-ms-win-crt-heap-l1-1-0.dll
0x000001f643270000 - 0x000001f643273000 	C:\Users\marti\.openjfx\cache\19.0.2.1+1\amd64\api-ms-win-crt-locale-l1-1-0.dll
0x000001f643280000 - 0x000001f643285000 	C:\Users\marti\.openjfx\cache\19.0.2.1+1\amd64\api-ms-win-crt-math-l1-1-0.dll
0x000001f643290000 - 0x000001f643295000 	C:\Users\marti\.openjfx\cache\19.0.2.1+1\amd64\api-ms-win-crt-multibyte-l1-1-0.dll
0x000001f6432a0000 - 0x000001f6432b0000 	C:\Users\marti\.openjfx\cache\19.0.2.1+1\amd64\api-ms-win-crt-private-l1-1-0.dll
0x000001f6432b0000 - 0x000001f6432b3000 	C:\Users\marti\.openjfx\cache\19.0.2.1+1\amd64\api-ms-win-crt-process-l1-1-0.dll
0x000001f6432c0000 - 0x000001f6432c4000 	C:\Users\marti\.openjfx\cache\19.0.2.1+1\amd64\api-ms-win-crt-runtime-l1-1-0.dll
0x000001f6432d0000 - 0x000001f6432d4000 	C:\Users\marti\.openjfx\cache\19.0.2.1+1\amd64\api-ms-win-crt-stdio-l1-1-0.dll
0x000001f6432e0000 - 0x000001f6432e4000 	C:\Users\marti\.openjfx\cache\19.0.2.1+1\amd64\api-ms-win-crt-string-l1-1-0.dll
0x000001f6432f0000 - 0x000001f6432f3000 	C:\Users\marti\.openjfx\cache\19.0.2.1+1\amd64\api-ms-win-crt-time-l1-1-0.dll
0x000001f643300000 - 0x000001f643303000 	C:\Users\marti\.openjfx\cache\19.0.2.1+1\amd64\api-ms-win-crt-utility-l1-1-0.dll
0x00007fff32dc0000 - 0x00007fff32ebc000 	C:\Users\marti\.openjfx\cache\19.0.2.1+1\amd64\ucrtbase.dll
0x00007fff3a5e0000 - 0x00007fff3a5fb000 	C:\Users\marti\.openjfx\cache\19.0.2.1+1\amd64\vcruntime140.dll
0x00007fff3e2d0000 - 0x00007fff3e2dc000 	C:\Users\marti\.openjfx\cache\19.0.2.1+1\amd64\vcruntime140_1.dll
0x00007fff34540000 - 0x00007fff345ce000 	C:\Users\marti\.openjfx\cache\19.0.2.1+1\amd64\msvcp140.dll
0x00007fff3d5d0000 - 0x00007fff3d5d9000 	C:\Users\marti\.openjfx\cache\19.0.2.1+1\amd64\msvcp140_1.dll
0x00007fff34900000 - 0x00007fff34930000 	C:\Users\marti\.openjfx\cache\19.0.2.1+1\amd64\msvcp140_2.dll
0x00007fff33fd0000 - 0x00007fff33ffc000 	C:\Users\marti\.openjfx\cache\19.0.2.1+1\amd64\prism_d3d.dll
0x00007fff0d240000 - 0x00007fff0d3e8000 	C:\WINDOWS\system32\d3d9.dll
0x00007fff5ba80000 - 0x00007fff5baab000 	C:\WINDOWS\SYSTEM32\dwmapi.dll
0x00007fff5baf0000 - 0x00007fff5bb27000 	C:\WINDOWS\SYSTEM32\dxcore.dll
0x00007fff5b7f0000 - 0x00007fff5b8a1000 	C:\WINDOWS\system32\uxtheme.dll
0x00007ffede880000 - 0x00007ffede930000 	C:\WINDOWS\SYSTEM32\d3d9on12.dll
0x00007fff5b970000 - 0x00007fff5ba67000 	C:\WINDOWS\SYSTEM32\dxgi.dll
0x00007ffede850000 - 0x00007ffede876000 	C:\WINDOWS\SYSTEM32\d3d12.dll
0x00007fff5e0d0000 - 0x00007fff5e11e000 	C:\WINDOWS\SYSTEM32\cfgmgr32.dll
0x00007ffede640000 - 0x00007ffede842000 	C:\WINDOWS\SYSTEM32\D3D12Core.dll
0x00007ffede610000 - 0x00007ffede637000 	C:\WINDOWS\System32\DriverStore\FileRepository\iigd_dch.inf_amd64_1eaab7a335a8b421\igd12umd64.dll
0x00007ffedd760000 - 0x00007ffede58b000 	C:\WINDOWS\System32\DriverStore\FileRepository\iigd_dch.inf_amd64_1eaab7a335a8b421\igd12um64xel.dll
0x00007fff5ebc0000 - 0x00007fff5ed26000 	C:\WINDOWS\System32\CRYPT32.dll
0x00007fff5f510000 - 0x00007fff5f6b5000 	C:\WINDOWS\System32\ole32.dll
0x00007fff52880000 - 0x00007fff528bb000 	C:\WINDOWS\SYSTEM32\ControlLib.dll
0x00007fff5f880000 - 0x00007fff5fcf4000 	C:\WINDOWS\System32\SETUPAPI.dll
0x00007fff5e0a0000 - 0x00007fff5e0cc000 	C:\WINDOWS\SYSTEM32\DEVOBJ.dll
0x00007fff52800000 - 0x00007fff52876000 	C:\WINDOWS\System32\DriverStore\FileRepository\iigd_dch.inf_amd64_1eaab7a335a8b421\IntelControlLib.dll
0x00007fff5e8f0000 - 0x00007fff5e95c000 	C:\WINDOWS\System32\WINTRUST.dll
0x00007fff5dc30000 - 0x00007fff5dc42000 	C:\WINDOWS\SYSTEM32\MSASN1.dll
0x00007fff52780000 - 0x00007fff527f6000 	C:\WINDOWS\System32\DriverStore\FileRepository\iigd_dch_d.inf_amd64_1861574338f7dcec\IntelControlLib.dll
0x00007fff56080000 - 0x00007fff560c9000 	C:\WINDOWS\SYSTEM32\directxdatabasehelper.dll
0x00007fff4eb60000 - 0x00007fff4ef75000 	C:\WINDOWS\System32\DriverStore\FileRepository\iigd_dch.inf_amd64_1eaab7a335a8b421\igdgmm64.dll
0x00007fff46a40000 - 0x00007fff4afa0000 	C:\WINDOWS\System32\DriverStore\FileRepository\iigd_dch.inf_amd64_1eaab7a335a8b421\igc64.dll
0x00007ffede5e0000 - 0x00007ffede60f000 	C:\WINDOWS\SYSTEM32\D3DSCache.dll
0x00007fff5da10000 - 0x00007fff5da38000 	C:\WINDOWS\SYSTEM32\USERENV.dll
0x00007ffeda0a0000 - 0x00007ffedd755000 	C:\WINDOWS\System32\DriverStore\FileRepository\iigd_dch.inf_amd64_1eaab7a335a8b421\igd12dxva64.dll
0x00007fff28740000 - 0x00007fff28767000 	C:\WINDOWS\System32\DriverStore\FileRepository\iigd_dch.inf_amd64_1eaab7a335a8b421\igdinfo64.dll
0x00007fff53760000 - 0x00007fff53a02000 	C:\WINDOWS\SYSTEM32\twinapi.appcore.dll
0x00007fff33f80000 - 0x00007fff33fc2000 	C:\Users\marti\.openjfx\cache\19.0.2.1+1\amd64\glass.dll
0x00007fff5f1a0000 - 0x00007fff5f29f000 	C:\WINDOWS\System32\COMDLG32.dll
0x00007fff5fef0000 - 0x00007fff60050000 	C:\WINDOWS\System32\MSCTF.dll

dbghelp: loaded successfully - version: 4.0.5 - missing functions: none
symbol engine: initialized successfully - sym options: 0x614 - pdb path: .;C:\Program Files\Java\jdk-17\bin;C:\WINDOWS\SYSTEM32;C:\WINDOWS\WinSxS\amd64_microsoft.windows.common-controls_6595b64144ccf1df_6.0.22621.3672_none_2713b9d173822955;C:\Program Files\Java\jdk-17\bin\server;C:\Program Files\apache-maven-3.9.9\lib\jansi-native\Windows\x86_64;C:\Users\marti\.openjfx\cache\19.0.2.1+1\amd64;C:\WINDOWS\System32\DriverStore\FileRepository\iigd_dch.inf_amd64_1eaab7a335a8b421;C:\WINDOWS\System32\DriverStore\FileRepository\iigd_dch_d.inf_amd64_1861574338f7dcec;C:\Program Files\Common Files\Microsoft Shared\Ink

VM Arguments:
jvm_args: -Dclassworlds.conf=C:\Program Files\apache-maven-3.9.9\bin\m2.conf -Dmaven.home=C:\Program Files\apache-maven-3.9.9 -Dlibrary.jansi.path=C:\Program Files\apache-maven-3.9.9\lib\jansi-native -Dmaven.multiModuleProjectDirectory=C:\Users\marti\Downloads\JavaFX_MavenTemplate_VS1 2\JavaFX_MavenTemplate_VS1 2 
java_command: org.codehaus.plexus.classworlds.launcher.Launcher exec:java
java_class_path (initial): C:\Program Files\apache-maven-3.9.9\boot\plexus-classworlds-2.8.0.jar
Launcher Type: SUN_STANDARD

[Global flags]
     intx CICompilerCount                          = 12                                        {product} {ergonomic}
     uint ConcGCThreads                            = 3                                         {product} {ergonomic}
     uint G1ConcRefinementThreads                  = 13                                        {product} {ergonomic}
   size_t G1HeapRegionSize                         = 2097152                                   {product} {ergonomic}
    uintx GCDrainStackTargetSize                   = 64                                        {product} {ergonomic}
   size_t InitialHeapSize                          = 264241152                                 {product} {ergonomic}
   size_t MarkStackSize                            = 4194304                                   {product} {ergonomic}
   size_t MaxHeapSize                              = 4215275520                                {product} {ergonomic}
   size_t MaxNewSize                               = 2529165312                                {product} {ergonomic}
   size_t MinHeapDeltaBytes                        = 2097152                                   {product} {ergonomic}
   size_t MinHeapSize                              = 8388608                                   {product} {ergonomic}
    uintx NonNMethodCodeHeapSize                   = 7602480                                {pd product} {ergonomic}
    uintx NonProfiledCodeHeapSize                  = 122027880                              {pd product} {ergonomic}
    uintx ProfiledCodeHeapSize                     = 122027880                              {pd product} {ergonomic}
    uintx ReservedCodeCacheSize                    = 251658240                              {pd product} {ergonomic}
     bool SegmentedCodeCache                       = true                                      {product} {ergonomic}
   size_t SoftMaxHeapSize                          = 4215275520                             {manageable} {ergonomic}
     bool UseCompressedClassPointers               = true                           {product lp64_product} {ergonomic}
     bool UseCompressedOops                        = true                           {product lp64_product} {ergonomic}
     bool UseG1GC                                  = true                                      {product} {ergonomic}
     bool UseLargePagesIndividualAllocation        = false                                  {pd product} {ergonomic}

Logging:
Log output configuration:
 #0: stdout all=warning uptime,level,tags
 #1: stderr all=off uptime,level,tags

Environment Variables:
JAVA_HOME=C:\Program Files\Java\jdk-17
PATH=C:\Program Files\Common Files\Oracle\Java\javapath;C:\Program Files (x86)\Common Files\Oracle\Java\javapath;C:\WINDOWS\system32;C:\WINDOWS;C:\WINDOWS\System32\Wbem;C:\WINDOWS\System32\WindowsPowerShell\v1.0\;C:\WINDOWS\System32\OpenSSH\;C:\Program Files\HP\HP One Agent;C:\Program Files\Java\jdk-17\bin;C:\Program Files\apache-maven-3.9.9\bin;C:\Program Files\Vim\vim91;C:\MinGW\bin;C:\Users\marti\AppData\Local\Microsoft\WindowsApps;C:\Users\marti\AppData\Local\Programs\Microsoft VS Code\bin;C:\Windows\System32;
USERNAME=marti
OS=Windows_NT
PROCESSOR_IDENTIFIER=Intel64 Family 6 Model 154 Stepping 3, GenuineIntel



---------------  S Y S T E M  ---------------

OS:
 Windows 11 , 64 bit Build 22621 (10.0.22621.3958)
OS uptime: 3 days 4:00 hours
Hyper-V role detected

CPU: total 16 (initial active 16) (8 cores per cpu, 2 threads per core) family 6 model 154 stepping 3 microcode 0x42a, cx8, cmov, fxsr, ht, mmx, 3dnowpref, sse, sse2, sse3, ssse3, sse4.1, sse4.2, popcnt, lzcnt, tsc, tscinvbit, avx, avx2, aes, erms, clmul, bmi1, bmi2, adx, sha, fma, vzeroupper, clflush, clflushopt, clwb, hv

Memory: 4k page, system-wide physical 16077M (1192M free)
TotalPageFile size 41677M (AvailPageFile size 8101M)
current process WorkingSet (physical memory assigned to process): 438M, peak: 448M
current process commit charge ("private bytes"): 632M, peak: 638M

vm_info: Java HotSpot(TM) 64-Bit Server VM (17.0.11+7-LTS-207) for windows-amd64 JRE (17.0.11+7-LTS-207), built on Mar 11 2024 19:01:50 by "mach5one" with MS VC++ 17.6 (VS2022)

END.
